2023/06/08 17:32:43 - mmengine - INFO - 
------------------------------------------------------------
System environment:
    sys.platform: win32
    Python: 3.9.16 (main, Mar  8 2023, 10:39:24) [MSC v.1916 64 bit (AMD64)]
    CUDA available: True
    numpy_random_seed: 594711337
    GPU 0: NVIDIA GeForce GTX 1660 Ti
    CUDA_HOME: None
    GCC: n/a
    PyTorch: 2.0.1+cu117
    PyTorch compiling details: PyTorch built with:
  - C++ Version: 199711
  - MSVC 193431937
  - Intel(R) Math Kernel Library Version 2020.0.2 Product Build 20200624 for Intel(R) 64 architecture applications
  - Intel(R) MKL-DNN v2.7.3 (Git Hash 6dbeffbae1f23cbbeae17adb7b5b13f1f37c080e)
  - OpenMP 2019
  - LAPACK is enabled (usually provided by MKL)
  - CPU capability usage: AVX2
  - CUDA Runtime 11.7
  - NVCC architecture flags: -gencode;arch=compute_37,code=sm_37;-gencode;arch=compute_50,code=sm_50;-gencode;arch=compute_60,code=sm_60;-gencode;arch=compute_61,code=sm_61;-gencode;arch=compute_70,code=sm_70;-gencode;arch=compute_75,code=sm_75;-gencode;arch=compute_80,code=sm_80;-gencode;arch=compute_86,code=sm_86;-gencode;arch=compute_37,code=compute_37
  - CuDNN 8.5
  - Magma 2.5.4
  - Build settings: BLAS_INFO=mkl, BUILD_TYPE=Release, CUDA_VERSION=11.7, CUDNN_VERSION=8.5.0, CXX_COMPILER=C:/actions-runner/_work/pytorch/pytorch/builder/windows/tmp_bin/sccache-cl.exe, CXX_FLAGS=/DWIN32 /D_WINDOWS /GR /EHsc /w /bigobj /FS -DUSE_PTHREADPOOL -DNDEBUG -DUSE_KINETO -DLIBKINETO_NOCUPTI -DLIBKINETO_NOROCTRACER -DUSE_FBGEMM -DUSE_XNNPACK -DSYMBOLICATE_MOBILE_DEBUG_HANDLE, LAPACK_INFO=mkl, PERF_WITH_AVX=1, PERF_WITH_AVX2=1, PERF_WITH_AVX512=1, TORCH_DISABLE_GPU_ASSERTS=OFF, TORCH_VERSION=2.0.1, USE_CUDA=ON, USE_CUDNN=ON, USE_EXCEPTION_PTR=1, USE_GFLAGS=OFF, USE_GLOG=OFF, USE_MKL=ON, USE_MKLDNN=ON, USE_MPI=OFF, USE_NCCL=OFF, USE_NNPACK=OFF, USE_OPENMP=ON, USE_ROCM=OFF, 

    TorchVision: 0.15.2+cu117
    OpenCV: 4.7.0
    MMEngine: 0.7.3

Runtime environment:
    cudnn_benchmark: False
    mp_cfg: {'mp_start_method': 'fork', 'opencv_num_threads': 0}
    dist_cfg: {'backend': 'nccl'}
    seed: None
    deterministic: False
    Distributed launcher: none
    Distributed training: False
    GPU number: 1
------------------------------------------------------------

2023/06/08 17:32:44 - mmengine - INFO - Config:
model = dict(
    type='ImageClassifier',
    backbone=dict(
        type='ResNet',
        depth=50,
        num_stages=4,
        out_indices=(3, ),
        style='pytorch'),
    neck=dict(type='GlobalAveragePooling'),
    head=dict(
        type='LinearClsHead',
        num_classes=30,
        in_channels=2048,
        loss=dict(type='CrossEntropyLoss', loss_weight=1.0),
        topk=(1, 5)),
    init_cfg=dict(
        type='Pretrained',
        checkpoint=
        'https://download.openmmlab.com/mmclassification/v0/resnet/resnet50_8xb32_in1k_20210831-ea4938fc.pth'
    ))
dataset_type = 'CustomDataset'
data_preprocessor = dict(
    num_classes=30,
    mean=[123.675, 116.28, 103.53],
    std=[58.395, 57.12, 57.375],
    to_rgb=True)
train_pipeline = [
    dict(type='LoadImageFromFile'),
    dict(type='RandomResizedCrop', scale=224),
    dict(type='RandomFlip', prob=0.5, direction='horizontal'),
    dict(type='PackInputs')
]
test_pipeline = [
    dict(type='LoadImageFromFile'),
    dict(type='ResizeEdge', scale=256, edge='short'),
    dict(type='CenterCrop', crop_size=224),
    dict(type='PackInputs')
]
train_dataloader = dict(
    pin_memory=True,
    persistent_workers=True,
    collate_fn=dict(type='default_collate'),
    batch_size=32,
    num_workers=4,
    dataset=dict(
        type='CustomDataset',
        data_prefix='train',
        pipeline=[
            dict(type='LoadImageFromFile'),
            dict(type='RandomResizedCrop', scale=224),
            dict(type='RandomFlip', prob=0.5, direction='horizontal'),
            dict(type='PackInputs')
        ]),
    sampler=dict(type='DefaultSampler', shuffle=True))
val_dataloader = dict(
    pin_memory=True,
    persistent_workers=True,
    collate_fn=dict(type='default_collate'),
    batch_size=32,
    num_workers=4,
    dataset=dict(
        type='CustomDataset',
        data_prefix='val',
        pipeline=[
            dict(type='LoadImageFromFile'),
            dict(type='ResizeEdge', scale=256, edge='short'),
            dict(type='CenterCrop', crop_size=224),
            dict(type='PackInputs')
        ]),
    sampler=dict(type='DefaultSampler', shuffle=False))
val_evaluator = dict(type='Accuracy', topk=(1, 5))
test_dataloader = dict(
    pin_memory=True,
    persistent_workers=True,
    collate_fn=dict(type='default_collate'),
    batch_size=32,
    num_workers=4,
    dataset=dict(
        type='CustomDataset',
        data_prefix='val',
        pipeline=[
            dict(type='LoadImageFromFile'),
            dict(type='ResizeEdge', scale=256, edge='short'),
            dict(type='CenterCrop', crop_size=224),
            dict(type='PackInputs')
        ]),
    sampler=dict(type='DefaultSampler', shuffle=False))
test_evaluator = dict(type='Accuracy', topk=(1, 5))
optim_wrapper = dict(
    optimizer=dict(type='SGD', lr=0.01, momentum=0.9, weight_decay=0.0001))
param_scheduler = dict(
    type='MultiStepLR', by_epoch=True, milestones=[30, 60, 90], gamma=0.1)
train_cfg = dict(by_epoch=True, max_epochs=100, val_interval=1)
val_cfg = dict()
test_cfg = dict()
auto_scale_lr = dict(base_batch_size=256)
default_scope = 'mmpretrain'
default_hooks = dict(
    timer=dict(type='IterTimerHook'),
    logger=dict(type='LoggerHook', interval=100),
    param_scheduler=dict(type='ParamSchedulerHook'),
    checkpoint=dict(type='CheckpointHook', interval=10, max_keep_ckpts=2),
    sampler_seed=dict(type='DistSamplerSeedHook'),
    visualization=dict(type='VisualizationHook', enable=False))
env_cfg = dict(
    cudnn_benchmark=False,
    mp_cfg=dict(mp_start_method='fork', opencv_num_threads=0),
    dist_cfg=dict(backend='nccl'))
vis_backends = [dict(type='LocalVisBackend')]
visualizer = dict(
    type='UniversalVisualizer', vis_backends=[dict(type='LocalVisBackend')])
log_level = 'INFO'
load_from = None
resume = False
randomness = dict(seed=None, deterministic=False)
launcher = 'none'
work_dir = './exp'

2023/06/08 17:32:48 - mmengine - INFO - Distributed training is not used, all SyncBatchNorm (SyncBN) layers in the model will be automatically reverted to BatchNormXd layers if they are used.
2023/06/08 17:32:48 - mmengine - INFO - Hooks will be executed in the following order:
before_run:
(VERY_HIGH   ) RuntimeInfoHook                    
(BELOW_NORMAL) LoggerHook                         
 -------------------- 
before_train:
(VERY_HIGH   ) RuntimeInfoHook                    
(NORMAL      ) IterTimerHook                      
(VERY_LOW    ) CheckpointHook                     
 -------------------- 
before_train_epoch:
(VERY_HIGH   ) RuntimeInfoHook                    
(NORMAL      ) IterTimerHook                      
(NORMAL      ) DistSamplerSeedHook                
 -------------------- 
before_train_iter:
(VERY_HIGH   ) RuntimeInfoHook                    
(NORMAL      ) IterTimerHook                      
 -------------------- 
after_train_iter:
(VERY_HIGH   ) RuntimeInfoHook                    
(NORMAL      ) IterTimerHook                      
(BELOW_NORMAL) LoggerHook                         
(LOW         ) ParamSchedulerHook                 
(VERY_LOW    ) CheckpointHook                     
 -------------------- 
after_train_epoch:
(NORMAL      ) IterTimerHook                      
(LOW         ) ParamSchedulerHook                 
(VERY_LOW    ) CheckpointHook                     
 -------------------- 
before_val_epoch:
(NORMAL      ) IterTimerHook                      
 -------------------- 
before_val_iter:
(NORMAL      ) IterTimerHook                      
 -------------------- 
after_val_iter:
(NORMAL      ) IterTimerHook                      
(NORMAL      ) VisualizationHook                  
(BELOW_NORMAL) LoggerHook                         
 -------------------- 
after_val_epoch:
(VERY_HIGH   ) RuntimeInfoHook                    
(NORMAL      ) IterTimerHook                      
(BELOW_NORMAL) LoggerHook                         
(LOW         ) ParamSchedulerHook                 
(VERY_LOW    ) CheckpointHook                     
 -------------------- 
after_train:
(VERY_LOW    ) CheckpointHook                     
 -------------------- 
before_test_epoch:
(NORMAL      ) IterTimerHook                      
 -------------------- 
before_test_iter:
(NORMAL      ) IterTimerHook                      
 -------------------- 
after_test_iter:
(NORMAL      ) IterTimerHook                      
(NORMAL      ) VisualizationHook                  
(BELOW_NORMAL) LoggerHook                         
 -------------------- 
after_test_epoch:
(VERY_HIGH   ) RuntimeInfoHook                    
(NORMAL      ) IterTimerHook                      
(BELOW_NORMAL) LoggerHook                         
 -------------------- 
after_run:
(BELOW_NORMAL) LoggerHook                         
 -------------------- 
2023/06/08 17:32:51 - mmengine - INFO - load model from: https://download.openmmlab.com/mmclassification/v0/resnet/resnet50_8xb32_in1k_20210831-ea4938fc.pth
2023/06/08 17:32:51 - mmengine - INFO - Loads checkpoint by http backend from path: https://download.openmmlab.com/mmclassification/v0/resnet/resnet50_8xb32_in1k_20210831-ea4938fc.pth
2023/06/08 17:32:51 - mmengine - WARNING - The model and loaded state dict do not match exactly

size mismatch for head.fc.weight: copying a param with shape torch.Size([1000, 2048]) from checkpoint, the shape in current model is torch.Size([30, 2048]).
size mismatch for head.fc.bias: copying a param with shape torch.Size([1000]) from checkpoint, the shape in current model is torch.Size([30]).
Name of parameter - Initialization information

backbone.conv1.weight - torch.Size([64, 3, 7, 7]): 
PretrainedInit: load from https://download.openmmlab.com/mmclassification/v0/resnet/resnet50_8xb32_in1k_20210831-ea4938fc.pth 

backbone.bn1.weight - torch.Size([64]): 
PretrainedInit: load from https://download.openmmlab.com/mmclassification/v0/resnet/resnet50_8xb32_in1k_20210831-ea4938fc.pth 

backbone.bn1.bias - torch.Size([64]): 
PretrainedInit: load from https://download.openmmlab.com/mmclassification/v0/resnet/resnet50_8xb32_in1k_20210831-ea4938fc.pth 

backbone.layer1.0.conv1.weight - torch.Size([64, 64, 1, 1]): 
PretrainedInit: load from https://download.openmmlab.com/mmclassification/v0/resnet/resnet50_8xb32_in1k_20210831-ea4938fc.pth 

backbone.layer1.0.bn1.weight - torch.Size([64]): 
PretrainedInit: load from https://download.openmmlab.com/mmclassification/v0/resnet/resnet50_8xb32_in1k_20210831-ea4938fc.pth 

backbone.layer1.0.bn1.bias - torch.Size([64]): 
PretrainedInit: load from https://download.openmmlab.com/mmclassification/v0/resnet/resnet50_8xb32_in1k_20210831-ea4938fc.pth 

backbone.layer1.0.conv2.weight - torch.Size([64, 64, 3, 3]): 
PretrainedInit: load from https://download.openmmlab.com/mmclassification/v0/resnet/resnet50_8xb32_in1k_20210831-ea4938fc.pth 

backbone.layer1.0.bn2.weight - torch.Size([64]): 
PretrainedInit: load from https://download.openmmlab.com/mmclassification/v0/resnet/resnet50_8xb32_in1k_20210831-ea4938fc.pth 

backbone.layer1.0.bn2.bias - torch.Size([64]): 
PretrainedInit: load from https://download.openmmlab.com/mmclassification/v0/resnet/resnet50_8xb32_in1k_20210831-ea4938fc.pth 

backbone.layer1.0.conv3.weight - torch.Size([256, 64, 1, 1]): 
PretrainedInit: load from https://download.openmmlab.com/mmclassification/v0/resnet/resnet50_8xb32_in1k_20210831-ea4938fc.pth 

backbone.layer1.0.bn3.weight - torch.Size([256]): 
PretrainedInit: load from https://download.openmmlab.com/mmclassification/v0/resnet/resnet50_8xb32_in1k_20210831-ea4938fc.pth 

backbone.layer1.0.bn3.bias - torch.Size([256]): 
PretrainedInit: load from https://download.openmmlab.com/mmclassification/v0/resnet/resnet50_8xb32_in1k_20210831-ea4938fc.pth 

backbone.layer1.0.downsample.0.weight - torch.Size([256, 64, 1, 1]): 
PretrainedInit: load from https://download.openmmlab.com/mmclassification/v0/resnet/resnet50_8xb32_in1k_20210831-ea4938fc.pth 

backbone.layer1.0.downsample.1.weight - torch.Size([256]): 
PretrainedInit: load from https://download.openmmlab.com/mmclassification/v0/resnet/resnet50_8xb32_in1k_20210831-ea4938fc.pth 

backbone.layer1.0.downsample.1.bias - torch.Size([256]): 
PretrainedInit: load from https://download.openmmlab.com/mmclassification/v0/resnet/resnet50_8xb32_in1k_20210831-ea4938fc.pth 

backbone.layer1.1.conv1.weight - torch.Size([64, 256, 1, 1]): 
PretrainedInit: load from https://download.openmmlab.com/mmclassification/v0/resnet/resnet50_8xb32_in1k_20210831-ea4938fc.pth 

backbone.layer1.1.bn1.weight - torch.Size([64]): 
PretrainedInit: load from https://download.openmmlab.com/mmclassification/v0/resnet/resnet50_8xb32_in1k_20210831-ea4938fc.pth 

backbone.layer1.1.bn1.bias - torch.Size([64]): 
PretrainedInit: load from https://download.openmmlab.com/mmclassification/v0/resnet/resnet50_8xb32_in1k_20210831-ea4938fc.pth 

backbone.layer1.1.conv2.weight - torch.Size([64, 64, 3, 3]): 
PretrainedInit: load from https://download.openmmlab.com/mmclassification/v0/resnet/resnet50_8xb32_in1k_20210831-ea4938fc.pth 

backbone.layer1.1.bn2.weight - torch.Size([64]): 
PretrainedInit: load from https://download.openmmlab.com/mmclassification/v0/resnet/resnet50_8xb32_in1k_20210831-ea4938fc.pth 

backbone.layer1.1.bn2.bias - torch.Size([64]): 
PretrainedInit: load from https://download.openmmlab.com/mmclassification/v0/resnet/resnet50_8xb32_in1k_20210831-ea4938fc.pth 

backbone.layer1.1.conv3.weight - torch.Size([256, 64, 1, 1]): 
PretrainedInit: load from https://download.openmmlab.com/mmclassification/v0/resnet/resnet50_8xb32_in1k_20210831-ea4938fc.pth 

backbone.layer1.1.bn3.weight - torch.Size([256]): 
PretrainedInit: load from https://download.openmmlab.com/mmclassification/v0/resnet/resnet50_8xb32_in1k_20210831-ea4938fc.pth 

backbone.layer1.1.bn3.bias - torch.Size([256]): 
PretrainedInit: load from https://download.openmmlab.com/mmclassification/v0/resnet/resnet50_8xb32_in1k_20210831-ea4938fc.pth 

backbone.layer1.2.conv1.weight - torch.Size([64, 256, 1, 1]): 
PretrainedInit: load from https://download.openmmlab.com/mmclassification/v0/resnet/resnet50_8xb32_in1k_20210831-ea4938fc.pth 

backbone.layer1.2.bn1.weight - torch.Size([64]): 
PretrainedInit: load from https://download.openmmlab.com/mmclassification/v0/resnet/resnet50_8xb32_in1k_20210831-ea4938fc.pth 

backbone.layer1.2.bn1.bias - torch.Size([64]): 
PretrainedInit: load from https://download.openmmlab.com/mmclassification/v0/resnet/resnet50_8xb32_in1k_20210831-ea4938fc.pth 

backbone.layer1.2.conv2.weight - torch.Size([64, 64, 3, 3]): 
PretrainedInit: load from https://download.openmmlab.com/mmclassification/v0/resnet/resnet50_8xb32_in1k_20210831-ea4938fc.pth 

backbone.layer1.2.bn2.weight - torch.Size([64]): 
PretrainedInit: load from https://download.openmmlab.com/mmclassification/v0/resnet/resnet50_8xb32_in1k_20210831-ea4938fc.pth 

backbone.layer1.2.bn2.bias - torch.Size([64]): 
PretrainedInit: load from https://download.openmmlab.com/mmclassification/v0/resnet/resnet50_8xb32_in1k_20210831-ea4938fc.pth 

backbone.layer1.2.conv3.weight - torch.Size([256, 64, 1, 1]): 
PretrainedInit: load from https://download.openmmlab.com/mmclassification/v0/resnet/resnet50_8xb32_in1k_20210831-ea4938fc.pth 

backbone.layer1.2.bn3.weight - torch.Size([256]): 
PretrainedInit: load from https://download.openmmlab.com/mmclassification/v0/resnet/resnet50_8xb32_in1k_20210831-ea4938fc.pth 

backbone.layer1.2.bn3.bias - torch.Size([256]): 
PretrainedInit: load from https://download.openmmlab.com/mmclassification/v0/resnet/resnet50_8xb32_in1k_20210831-ea4938fc.pth 

backbone.layer2.0.conv1.weight - torch.Size([128, 256, 1, 1]): 
PretrainedInit: load from https://download.openmmlab.com/mmclassification/v0/resnet/resnet50_8xb32_in1k_20210831-ea4938fc.pth 

backbone.layer2.0.bn1.weight - torch.Size([128]): 
PretrainedInit: load from https://download.openmmlab.com/mmclassification/v0/resnet/resnet50_8xb32_in1k_20210831-ea4938fc.pth 

backbone.layer2.0.bn1.bias - torch.Size([128]): 
PretrainedInit: load from https://download.openmmlab.com/mmclassification/v0/resnet/resnet50_8xb32_in1k_20210831-ea4938fc.pth 

backbone.layer2.0.conv2.weight - torch.Size([128, 128, 3, 3]): 
PretrainedInit: load from https://download.openmmlab.com/mmclassification/v0/resnet/resnet50_8xb32_in1k_20210831-ea4938fc.pth 

backbone.layer2.0.bn2.weight - torch.Size([128]): 
PretrainedInit: load from https://download.openmmlab.com/mmclassification/v0/resnet/resnet50_8xb32_in1k_20210831-ea4938fc.pth 

backbone.layer2.0.bn2.bias - torch.Size([128]): 
PretrainedInit: load from https://download.openmmlab.com/mmclassification/v0/resnet/resnet50_8xb32_in1k_20210831-ea4938fc.pth 

backbone.layer2.0.conv3.weight - torch.Size([512, 128, 1, 1]): 
PretrainedInit: load from https://download.openmmlab.com/mmclassification/v0/resnet/resnet50_8xb32_in1k_20210831-ea4938fc.pth 

backbone.layer2.0.bn3.weight - torch.Size([512]): 
PretrainedInit: load from https://download.openmmlab.com/mmclassification/v0/resnet/resnet50_8xb32_in1k_20210831-ea4938fc.pth 

backbone.layer2.0.bn3.bias - torch.Size([512]): 
PretrainedInit: load from https://download.openmmlab.com/mmclassification/v0/resnet/resnet50_8xb32_in1k_20210831-ea4938fc.pth 

backbone.layer2.0.downsample.0.weight - torch.Size([512, 256, 1, 1]): 
PretrainedInit: load from https://download.openmmlab.com/mmclassification/v0/resnet/resnet50_8xb32_in1k_20210831-ea4938fc.pth 

backbone.layer2.0.downsample.1.weight - torch.Size([512]): 
PretrainedInit: load from https://download.openmmlab.com/mmclassification/v0/resnet/resnet50_8xb32_in1k_20210831-ea4938fc.pth 

backbone.layer2.0.downsample.1.bias - torch.Size([512]): 
PretrainedInit: load from https://download.openmmlab.com/mmclassification/v0/resnet/resnet50_8xb32_in1k_20210831-ea4938fc.pth 

backbone.layer2.1.conv1.weight - torch.Size([128, 512, 1, 1]): 
PretrainedInit: load from https://download.openmmlab.com/mmclassification/v0/resnet/resnet50_8xb32_in1k_20210831-ea4938fc.pth 

backbone.layer2.1.bn1.weight - torch.Size([128]): 
PretrainedInit: load from https://download.openmmlab.com/mmclassification/v0/resnet/resnet50_8xb32_in1k_20210831-ea4938fc.pth 

backbone.layer2.1.bn1.bias - torch.Size([128]): 
PretrainedInit: load from https://download.openmmlab.com/mmclassification/v0/resnet/resnet50_8xb32_in1k_20210831-ea4938fc.pth 

backbone.layer2.1.conv2.weight - torch.Size([128, 128, 3, 3]): 
PretrainedInit: load from https://download.openmmlab.com/mmclassification/v0/resnet/resnet50_8xb32_in1k_20210831-ea4938fc.pth 

backbone.layer2.1.bn2.weight - torch.Size([128]): 
PretrainedInit: load from https://download.openmmlab.com/mmclassification/v0/resnet/resnet50_8xb32_in1k_20210831-ea4938fc.pth 

backbone.layer2.1.bn2.bias - torch.Size([128]): 
PretrainedInit: load from https://download.openmmlab.com/mmclassification/v0/resnet/resnet50_8xb32_in1k_20210831-ea4938fc.pth 

backbone.layer2.1.conv3.weight - torch.Size([512, 128, 1, 1]): 
PretrainedInit: load from https://download.openmmlab.com/mmclassification/v0/resnet/resnet50_8xb32_in1k_20210831-ea4938fc.pth 

backbone.layer2.1.bn3.weight - torch.Size([512]): 
PretrainedInit: load from https://download.openmmlab.com/mmclassification/v0/resnet/resnet50_8xb32_in1k_20210831-ea4938fc.pth 

backbone.layer2.1.bn3.bias - torch.Size([512]): 
PretrainedInit: load from https://download.openmmlab.com/mmclassification/v0/resnet/resnet50_8xb32_in1k_20210831-ea4938fc.pth 

backbone.layer2.2.conv1.weight - torch.Size([128, 512, 1, 1]): 
PretrainedInit: load from https://download.openmmlab.com/mmclassification/v0/resnet/resnet50_8xb32_in1k_20210831-ea4938fc.pth 

backbone.layer2.2.bn1.weight - torch.Size([128]): 
PretrainedInit: load from https://download.openmmlab.com/mmclassification/v0/resnet/resnet50_8xb32_in1k_20210831-ea4938fc.pth 

backbone.layer2.2.bn1.bias - torch.Size([128]): 
PretrainedInit: load from https://download.openmmlab.com/mmclassification/v0/resnet/resnet50_8xb32_in1k_20210831-ea4938fc.pth 

backbone.layer2.2.conv2.weight - torch.Size([128, 128, 3, 3]): 
PretrainedInit: load from https://download.openmmlab.com/mmclassification/v0/resnet/resnet50_8xb32_in1k_20210831-ea4938fc.pth 

backbone.layer2.2.bn2.weight - torch.Size([128]): 
PretrainedInit: load from https://download.openmmlab.com/mmclassification/v0/resnet/resnet50_8xb32_in1k_20210831-ea4938fc.pth 

backbone.layer2.2.bn2.bias - torch.Size([128]): 
PretrainedInit: load from https://download.openmmlab.com/mmclassification/v0/resnet/resnet50_8xb32_in1k_20210831-ea4938fc.pth 

backbone.layer2.2.conv3.weight - torch.Size([512, 128, 1, 1]): 
PretrainedInit: load from https://download.openmmlab.com/mmclassification/v0/resnet/resnet50_8xb32_in1k_20210831-ea4938fc.pth 

backbone.layer2.2.bn3.weight - torch.Size([512]): 
PretrainedInit: load from https://download.openmmlab.com/mmclassification/v0/resnet/resnet50_8xb32_in1k_20210831-ea4938fc.pth 

backbone.layer2.2.bn3.bias - torch.Size([512]): 
PretrainedInit: load from https://download.openmmlab.com/mmclassification/v0/resnet/resnet50_8xb32_in1k_20210831-ea4938fc.pth 

backbone.layer2.3.conv1.weight - torch.Size([128, 512, 1, 1]): 
PretrainedInit: load from https://download.openmmlab.com/mmclassification/v0/resnet/resnet50_8xb32_in1k_20210831-ea4938fc.pth 

backbone.layer2.3.bn1.weight - torch.Size([128]): 
PretrainedInit: load from https://download.openmmlab.com/mmclassification/v0/resnet/resnet50_8xb32_in1k_20210831-ea4938fc.pth 

backbone.layer2.3.bn1.bias - torch.Size([128]): 
PretrainedInit: load from https://download.openmmlab.com/mmclassification/v0/resnet/resnet50_8xb32_in1k_20210831-ea4938fc.pth 

backbone.layer2.3.conv2.weight - torch.Size([128, 128, 3, 3]): 
PretrainedInit: load from https://download.openmmlab.com/mmclassification/v0/resnet/resnet50_8xb32_in1k_20210831-ea4938fc.pth 

backbone.layer2.3.bn2.weight - torch.Size([128]): 
PretrainedInit: load from https://download.openmmlab.com/mmclassification/v0/resnet/resnet50_8xb32_in1k_20210831-ea4938fc.pth 

backbone.layer2.3.bn2.bias - torch.Size([128]): 
PretrainedInit: load from https://download.openmmlab.com/mmclassification/v0/resnet/resnet50_8xb32_in1k_20210831-ea4938fc.pth 

backbone.layer2.3.conv3.weight - torch.Size([512, 128, 1, 1]): 
PretrainedInit: load from https://download.openmmlab.com/mmclassification/v0/resnet/resnet50_8xb32_in1k_20210831-ea4938fc.pth 

backbone.layer2.3.bn3.weight - torch.Size([512]): 
PretrainedInit: load from https://download.openmmlab.com/mmclassification/v0/resnet/resnet50_8xb32_in1k_20210831-ea4938fc.pth 

backbone.layer2.3.bn3.bias - torch.Size([512]): 
PretrainedInit: load from https://download.openmmlab.com/mmclassification/v0/resnet/resnet50_8xb32_in1k_20210831-ea4938fc.pth 

backbone.layer3.0.conv1.weight - torch.Size([256, 512, 1, 1]): 
PretrainedInit: load from https://download.openmmlab.com/mmclassification/v0/resnet/resnet50_8xb32_in1k_20210831-ea4938fc.pth 

backbone.layer3.0.bn1.weight - torch.Size([256]): 
PretrainedInit: load from https://download.openmmlab.com/mmclassification/v0/resnet/resnet50_8xb32_in1k_20210831-ea4938fc.pth 

backbone.layer3.0.bn1.bias - torch.Size([256]): 
PretrainedInit: load from https://download.openmmlab.com/mmclassification/v0/resnet/resnet50_8xb32_in1k_20210831-ea4938fc.pth 

backbone.layer3.0.conv2.weight - torch.Size([256, 256, 3, 3]): 
PretrainedInit: load from https://download.openmmlab.com/mmclassification/v0/resnet/resnet50_8xb32_in1k_20210831-ea4938fc.pth 

backbone.layer3.0.bn2.weight - torch.Size([256]): 
PretrainedInit: load from https://download.openmmlab.com/mmclassification/v0/resnet/resnet50_8xb32_in1k_20210831-ea4938fc.pth 

backbone.layer3.0.bn2.bias - torch.Size([256]): 
PretrainedInit: load from https://download.openmmlab.com/mmclassification/v0/resnet/resnet50_8xb32_in1k_20210831-ea4938fc.pth 

backbone.layer3.0.conv3.weight - torch.Size([1024, 256, 1, 1]): 
PretrainedInit: load from https://download.openmmlab.com/mmclassification/v0/resnet/resnet50_8xb32_in1k_20210831-ea4938fc.pth 

backbone.layer3.0.bn3.weight - torch.Size([1024]): 
PretrainedInit: load from https://download.openmmlab.com/mmclassification/v0/resnet/resnet50_8xb32_in1k_20210831-ea4938fc.pth 

backbone.layer3.0.bn3.bias - torch.Size([1024]): 
PretrainedInit: load from https://download.openmmlab.com/mmclassification/v0/resnet/resnet50_8xb32_in1k_20210831-ea4938fc.pth 

backbone.layer3.0.downsample.0.weight - torch.Size([1024, 512, 1, 1]): 
PretrainedInit: load from https://download.openmmlab.com/mmclassification/v0/resnet/resnet50_8xb32_in1k_20210831-ea4938fc.pth 

backbone.layer3.0.downsample.1.weight - torch.Size([1024]): 
PretrainedInit: load from https://download.openmmlab.com/mmclassification/v0/resnet/resnet50_8xb32_in1k_20210831-ea4938fc.pth 

backbone.layer3.0.downsample.1.bias - torch.Size([1024]): 
PretrainedInit: load from https://download.openmmlab.com/mmclassification/v0/resnet/resnet50_8xb32_in1k_20210831-ea4938fc.pth 

backbone.layer3.1.conv1.weight - torch.Size([256, 1024, 1, 1]): 
PretrainedInit: load from https://download.openmmlab.com/mmclassification/v0/resnet/resnet50_8xb32_in1k_20210831-ea4938fc.pth 

backbone.layer3.1.bn1.weight - torch.Size([256]): 
PretrainedInit: load from https://download.openmmlab.com/mmclassification/v0/resnet/resnet50_8xb32_in1k_20210831-ea4938fc.pth 

backbone.layer3.1.bn1.bias - torch.Size([256]): 
PretrainedInit: load from https://download.openmmlab.com/mmclassification/v0/resnet/resnet50_8xb32_in1k_20210831-ea4938fc.pth 

backbone.layer3.1.conv2.weight - torch.Size([256, 256, 3, 3]): 
PretrainedInit: load from https://download.openmmlab.com/mmclassification/v0/resnet/resnet50_8xb32_in1k_20210831-ea4938fc.pth 

backbone.layer3.1.bn2.weight - torch.Size([256]): 
PretrainedInit: load from https://download.openmmlab.com/mmclassification/v0/resnet/resnet50_8xb32_in1k_20210831-ea4938fc.pth 

backbone.layer3.1.bn2.bias - torch.Size([256]): 
PretrainedInit: load from https://download.openmmlab.com/mmclassification/v0/resnet/resnet50_8xb32_in1k_20210831-ea4938fc.pth 

backbone.layer3.1.conv3.weight - torch.Size([1024, 256, 1, 1]): 
PretrainedInit: load from https://download.openmmlab.com/mmclassification/v0/resnet/resnet50_8xb32_in1k_20210831-ea4938fc.pth 

backbone.layer3.1.bn3.weight - torch.Size([1024]): 
PretrainedInit: load from https://download.openmmlab.com/mmclassification/v0/resnet/resnet50_8xb32_in1k_20210831-ea4938fc.pth 

backbone.layer3.1.bn3.bias - torch.Size([1024]): 
PretrainedInit: load from https://download.openmmlab.com/mmclassification/v0/resnet/resnet50_8xb32_in1k_20210831-ea4938fc.pth 

backbone.layer3.2.conv1.weight - torch.Size([256, 1024, 1, 1]): 
PretrainedInit: load from https://download.openmmlab.com/mmclassification/v0/resnet/resnet50_8xb32_in1k_20210831-ea4938fc.pth 

backbone.layer3.2.bn1.weight - torch.Size([256]): 
PretrainedInit: load from https://download.openmmlab.com/mmclassification/v0/resnet/resnet50_8xb32_in1k_20210831-ea4938fc.pth 

backbone.layer3.2.bn1.bias - torch.Size([256]): 
PretrainedInit: load from https://download.openmmlab.com/mmclassification/v0/resnet/resnet50_8xb32_in1k_20210831-ea4938fc.pth 

backbone.layer3.2.conv2.weight - torch.Size([256, 256, 3, 3]): 
PretrainedInit: load from https://download.openmmlab.com/mmclassification/v0/resnet/resnet50_8xb32_in1k_20210831-ea4938fc.pth 

backbone.layer3.2.bn2.weight - torch.Size([256]): 
PretrainedInit: load from https://download.openmmlab.com/mmclassification/v0/resnet/resnet50_8xb32_in1k_20210831-ea4938fc.pth 

backbone.layer3.2.bn2.bias - torch.Size([256]): 
PretrainedInit: load from https://download.openmmlab.com/mmclassification/v0/resnet/resnet50_8xb32_in1k_20210831-ea4938fc.pth 

backbone.layer3.2.conv3.weight - torch.Size([1024, 256, 1, 1]): 
PretrainedInit: load from https://download.openmmlab.com/mmclassification/v0/resnet/resnet50_8xb32_in1k_20210831-ea4938fc.pth 

backbone.layer3.2.bn3.weight - torch.Size([1024]): 
PretrainedInit: load from https://download.openmmlab.com/mmclassification/v0/resnet/resnet50_8xb32_in1k_20210831-ea4938fc.pth 

backbone.layer3.2.bn3.bias - torch.Size([1024]): 
PretrainedInit: load from https://download.openmmlab.com/mmclassification/v0/resnet/resnet50_8xb32_in1k_20210831-ea4938fc.pth 

backbone.layer3.3.conv1.weight - torch.Size([256, 1024, 1, 1]): 
PretrainedInit: load from https://download.openmmlab.com/mmclassification/v0/resnet/resnet50_8xb32_in1k_20210831-ea4938fc.pth 

backbone.layer3.3.bn1.weight - torch.Size([256]): 
PretrainedInit: load from https://download.openmmlab.com/mmclassification/v0/resnet/resnet50_8xb32_in1k_20210831-ea4938fc.pth 

backbone.layer3.3.bn1.bias - torch.Size([256]): 
PretrainedInit: load from https://download.openmmlab.com/mmclassification/v0/resnet/resnet50_8xb32_in1k_20210831-ea4938fc.pth 

backbone.layer3.3.conv2.weight - torch.Size([256, 256, 3, 3]): 
PretrainedInit: load from https://download.openmmlab.com/mmclassification/v0/resnet/resnet50_8xb32_in1k_20210831-ea4938fc.pth 

backbone.layer3.3.bn2.weight - torch.Size([256]): 
PretrainedInit: load from https://download.openmmlab.com/mmclassification/v0/resnet/resnet50_8xb32_in1k_20210831-ea4938fc.pth 

backbone.layer3.3.bn2.bias - torch.Size([256]): 
PretrainedInit: load from https://download.openmmlab.com/mmclassification/v0/resnet/resnet50_8xb32_in1k_20210831-ea4938fc.pth 

backbone.layer3.3.conv3.weight - torch.Size([1024, 256, 1, 1]): 
PretrainedInit: load from https://download.openmmlab.com/mmclassification/v0/resnet/resnet50_8xb32_in1k_20210831-ea4938fc.pth 

backbone.layer3.3.bn3.weight - torch.Size([1024]): 
PretrainedInit: load from https://download.openmmlab.com/mmclassification/v0/resnet/resnet50_8xb32_in1k_20210831-ea4938fc.pth 

backbone.layer3.3.bn3.bias - torch.Size([1024]): 
PretrainedInit: load from https://download.openmmlab.com/mmclassification/v0/resnet/resnet50_8xb32_in1k_20210831-ea4938fc.pth 

backbone.layer3.4.conv1.weight - torch.Size([256, 1024, 1, 1]): 
PretrainedInit: load from https://download.openmmlab.com/mmclassification/v0/resnet/resnet50_8xb32_in1k_20210831-ea4938fc.pth 

backbone.layer3.4.bn1.weight - torch.Size([256]): 
PretrainedInit: load from https://download.openmmlab.com/mmclassification/v0/resnet/resnet50_8xb32_in1k_20210831-ea4938fc.pth 

backbone.layer3.4.bn1.bias - torch.Size([256]): 
PretrainedInit: load from https://download.openmmlab.com/mmclassification/v0/resnet/resnet50_8xb32_in1k_20210831-ea4938fc.pth 

backbone.layer3.4.conv2.weight - torch.Size([256, 256, 3, 3]): 
PretrainedInit: load from https://download.openmmlab.com/mmclassification/v0/resnet/resnet50_8xb32_in1k_20210831-ea4938fc.pth 

backbone.layer3.4.bn2.weight - torch.Size([256]): 
PretrainedInit: load from https://download.openmmlab.com/mmclassification/v0/resnet/resnet50_8xb32_in1k_20210831-ea4938fc.pth 

backbone.layer3.4.bn2.bias - torch.Size([256]): 
PretrainedInit: load from https://download.openmmlab.com/mmclassification/v0/resnet/resnet50_8xb32_in1k_20210831-ea4938fc.pth 

backbone.layer3.4.conv3.weight - torch.Size([1024, 256, 1, 1]): 
PretrainedInit: load from https://download.openmmlab.com/mmclassification/v0/resnet/resnet50_8xb32_in1k_20210831-ea4938fc.pth 

backbone.layer3.4.bn3.weight - torch.Size([1024]): 
PretrainedInit: load from https://download.openmmlab.com/mmclassification/v0/resnet/resnet50_8xb32_in1k_20210831-ea4938fc.pth 

backbone.layer3.4.bn3.bias - torch.Size([1024]): 
PretrainedInit: load from https://download.openmmlab.com/mmclassification/v0/resnet/resnet50_8xb32_in1k_20210831-ea4938fc.pth 

backbone.layer3.5.conv1.weight - torch.Size([256, 1024, 1, 1]): 
PretrainedInit: load from https://download.openmmlab.com/mmclassification/v0/resnet/resnet50_8xb32_in1k_20210831-ea4938fc.pth 

backbone.layer3.5.bn1.weight - torch.Size([256]): 
PretrainedInit: load from https://download.openmmlab.com/mmclassification/v0/resnet/resnet50_8xb32_in1k_20210831-ea4938fc.pth 

backbone.layer3.5.bn1.bias - torch.Size([256]): 
PretrainedInit: load from https://download.openmmlab.com/mmclassification/v0/resnet/resnet50_8xb32_in1k_20210831-ea4938fc.pth 

backbone.layer3.5.conv2.weight - torch.Size([256, 256, 3, 3]): 
PretrainedInit: load from https://download.openmmlab.com/mmclassification/v0/resnet/resnet50_8xb32_in1k_20210831-ea4938fc.pth 

backbone.layer3.5.bn2.weight - torch.Size([256]): 
PretrainedInit: load from https://download.openmmlab.com/mmclassification/v0/resnet/resnet50_8xb32_in1k_20210831-ea4938fc.pth 

backbone.layer3.5.bn2.bias - torch.Size([256]): 
PretrainedInit: load from https://download.openmmlab.com/mmclassification/v0/resnet/resnet50_8xb32_in1k_20210831-ea4938fc.pth 

backbone.layer3.5.conv3.weight - torch.Size([1024, 256, 1, 1]): 
PretrainedInit: load from https://download.openmmlab.com/mmclassification/v0/resnet/resnet50_8xb32_in1k_20210831-ea4938fc.pth 

backbone.layer3.5.bn3.weight - torch.Size([1024]): 
PretrainedInit: load from https://download.openmmlab.com/mmclassification/v0/resnet/resnet50_8xb32_in1k_20210831-ea4938fc.pth 

backbone.layer3.5.bn3.bias - torch.Size([1024]): 
PretrainedInit: load from https://download.openmmlab.com/mmclassification/v0/resnet/resnet50_8xb32_in1k_20210831-ea4938fc.pth 

backbone.layer4.0.conv1.weight - torch.Size([512, 1024, 1, 1]): 
PretrainedInit: load from https://download.openmmlab.com/mmclassification/v0/resnet/resnet50_8xb32_in1k_20210831-ea4938fc.pth 

backbone.layer4.0.bn1.weight - torch.Size([512]): 
PretrainedInit: load from https://download.openmmlab.com/mmclassification/v0/resnet/resnet50_8xb32_in1k_20210831-ea4938fc.pth 

backbone.layer4.0.bn1.bias - torch.Size([512]): 
PretrainedInit: load from https://download.openmmlab.com/mmclassification/v0/resnet/resnet50_8xb32_in1k_20210831-ea4938fc.pth 

backbone.layer4.0.conv2.weight - torch.Size([512, 512, 3, 3]): 
PretrainedInit: load from https://download.openmmlab.com/mmclassification/v0/resnet/resnet50_8xb32_in1k_20210831-ea4938fc.pth 

backbone.layer4.0.bn2.weight - torch.Size([512]): 
PretrainedInit: load from https://download.openmmlab.com/mmclassification/v0/resnet/resnet50_8xb32_in1k_20210831-ea4938fc.pth 

backbone.layer4.0.bn2.bias - torch.Size([512]): 
PretrainedInit: load from https://download.openmmlab.com/mmclassification/v0/resnet/resnet50_8xb32_in1k_20210831-ea4938fc.pth 

backbone.layer4.0.conv3.weight - torch.Size([2048, 512, 1, 1]): 
PretrainedInit: load from https://download.openmmlab.com/mmclassification/v0/resnet/resnet50_8xb32_in1k_20210831-ea4938fc.pth 

backbone.layer4.0.bn3.weight - torch.Size([2048]): 
PretrainedInit: load from https://download.openmmlab.com/mmclassification/v0/resnet/resnet50_8xb32_in1k_20210831-ea4938fc.pth 

backbone.layer4.0.bn3.bias - torch.Size([2048]): 
PretrainedInit: load from https://download.openmmlab.com/mmclassification/v0/resnet/resnet50_8xb32_in1k_20210831-ea4938fc.pth 

backbone.layer4.0.downsample.0.weight - torch.Size([2048, 1024, 1, 1]): 
PretrainedInit: load from https://download.openmmlab.com/mmclassification/v0/resnet/resnet50_8xb32_in1k_20210831-ea4938fc.pth 

backbone.layer4.0.downsample.1.weight - torch.Size([2048]): 
PretrainedInit: load from https://download.openmmlab.com/mmclassification/v0/resnet/resnet50_8xb32_in1k_20210831-ea4938fc.pth 

backbone.layer4.0.downsample.1.bias - torch.Size([2048]): 
PretrainedInit: load from https://download.openmmlab.com/mmclassification/v0/resnet/resnet50_8xb32_in1k_20210831-ea4938fc.pth 

backbone.layer4.1.conv1.weight - torch.Size([512, 2048, 1, 1]): 
PretrainedInit: load from https://download.openmmlab.com/mmclassification/v0/resnet/resnet50_8xb32_in1k_20210831-ea4938fc.pth 

backbone.layer4.1.bn1.weight - torch.Size([512]): 
PretrainedInit: load from https://download.openmmlab.com/mmclassification/v0/resnet/resnet50_8xb32_in1k_20210831-ea4938fc.pth 

backbone.layer4.1.bn1.bias - torch.Size([512]): 
PretrainedInit: load from https://download.openmmlab.com/mmclassification/v0/resnet/resnet50_8xb32_in1k_20210831-ea4938fc.pth 

backbone.layer4.1.conv2.weight - torch.Size([512, 512, 3, 3]): 
PretrainedInit: load from https://download.openmmlab.com/mmclassification/v0/resnet/resnet50_8xb32_in1k_20210831-ea4938fc.pth 

backbone.layer4.1.bn2.weight - torch.Size([512]): 
PretrainedInit: load from https://download.openmmlab.com/mmclassification/v0/resnet/resnet50_8xb32_in1k_20210831-ea4938fc.pth 

backbone.layer4.1.bn2.bias - torch.Size([512]): 
PretrainedInit: load from https://download.openmmlab.com/mmclassification/v0/resnet/resnet50_8xb32_in1k_20210831-ea4938fc.pth 

backbone.layer4.1.conv3.weight - torch.Size([2048, 512, 1, 1]): 
PretrainedInit: load from https://download.openmmlab.com/mmclassification/v0/resnet/resnet50_8xb32_in1k_20210831-ea4938fc.pth 

backbone.layer4.1.bn3.weight - torch.Size([2048]): 
PretrainedInit: load from https://download.openmmlab.com/mmclassification/v0/resnet/resnet50_8xb32_in1k_20210831-ea4938fc.pth 

backbone.layer4.1.bn3.bias - torch.Size([2048]): 
PretrainedInit: load from https://download.openmmlab.com/mmclassification/v0/resnet/resnet50_8xb32_in1k_20210831-ea4938fc.pth 

backbone.layer4.2.conv1.weight - torch.Size([512, 2048, 1, 1]): 
PretrainedInit: load from https://download.openmmlab.com/mmclassification/v0/resnet/resnet50_8xb32_in1k_20210831-ea4938fc.pth 

backbone.layer4.2.bn1.weight - torch.Size([512]): 
PretrainedInit: load from https://download.openmmlab.com/mmclassification/v0/resnet/resnet50_8xb32_in1k_20210831-ea4938fc.pth 

backbone.layer4.2.bn1.bias - torch.Size([512]): 
PretrainedInit: load from https://download.openmmlab.com/mmclassification/v0/resnet/resnet50_8xb32_in1k_20210831-ea4938fc.pth 

backbone.layer4.2.conv2.weight - torch.Size([512, 512, 3, 3]): 
PretrainedInit: load from https://download.openmmlab.com/mmclassification/v0/resnet/resnet50_8xb32_in1k_20210831-ea4938fc.pth 

backbone.layer4.2.bn2.weight - torch.Size([512]): 
PretrainedInit: load from https://download.openmmlab.com/mmclassification/v0/resnet/resnet50_8xb32_in1k_20210831-ea4938fc.pth 

backbone.layer4.2.bn2.bias - torch.Size([512]): 
PretrainedInit: load from https://download.openmmlab.com/mmclassification/v0/resnet/resnet50_8xb32_in1k_20210831-ea4938fc.pth 

backbone.layer4.2.conv3.weight - torch.Size([2048, 512, 1, 1]): 
PretrainedInit: load from https://download.openmmlab.com/mmclassification/v0/resnet/resnet50_8xb32_in1k_20210831-ea4938fc.pth 

backbone.layer4.2.bn3.weight - torch.Size([2048]): 
PretrainedInit: load from https://download.openmmlab.com/mmclassification/v0/resnet/resnet50_8xb32_in1k_20210831-ea4938fc.pth 

backbone.layer4.2.bn3.bias - torch.Size([2048]): 
PretrainedInit: load from https://download.openmmlab.com/mmclassification/v0/resnet/resnet50_8xb32_in1k_20210831-ea4938fc.pth 

head.fc.weight - torch.Size([30, 2048]): 
NormalInit: mean=0, std=0.01, bias=0 

head.fc.bias - torch.Size([30]): 
NormalInit: mean=0, std=0.01, bias=0 
2023/06/08 17:32:51 - mmengine - WARNING - "FileClient" will be deprecated in future. Please use io functions in https://mmengine.readthedocs.io/en/latest/api/fileio.html#file-io
2023/06/08 17:32:51 - mmengine - WARNING - "HardDiskBackend" is the alias of "LocalBackend" and the former will be deprecated in future.
2023/06/08 17:32:51 - mmengine - INFO - Checkpoints will be saved to D:\OpenMMLab\MMPretrain×÷Òµ¶þ\exp.
2023/06/08 17:33:48 - mmengine - INFO - Epoch(train)   [1][100/111]  lr: 1.0000e-02  eta: 1:44:30  time: 0.3167  data_time: 0.0012  memory: 2965  loss: 1.4406
2023/06/08 17:33:51 - mmengine - INFO - Exp name: resnet50_8xb32_in1k_20230608_173242
2023/06/08 17:34:11 - mmengine - INFO - Epoch(val) [1][27/27]    accuracy/top1: 58.6777  accuracy/top5: 86.6588  data_time: 0.6255  time: 0.7257
2023/06/08 17:34:42 - mmengine - INFO - Epoch(train)   [2][100/111]  lr: 1.0000e-02  eta: 1:19:20  time: 0.3198  data_time: 0.0014  memory: 2965  loss: 1.0357
2023/06/08 17:34:46 - mmengine - INFO - Exp name: resnet50_8xb32_in1k_20230608_173242
2023/06/08 17:34:48 - mmengine - INFO - Epoch(val) [2][27/27]    accuracy/top1: 75.5608  accuracy/top5: 94.8052  data_time: 0.0043  time: 0.0949
2023/06/08 17:35:21 - mmengine - INFO - Epoch(train)   [3][100/111]  lr: 1.0000e-02  eta: 1:11:16  time: 0.3214  data_time: 0.0011  memory: 2965  loss: 0.9937
2023/06/08 17:35:24 - mmengine - INFO - Exp name: resnet50_8xb32_in1k_20230608_173242
2023/06/08 17:35:27 - mmengine - INFO - Epoch(val) [3][27/27]    accuracy/top1: 76.2692  accuracy/top5: 96.1039  data_time: 0.0041  time: 0.0947
2023/06/08 17:35:59 - mmengine - INFO - Epoch(train)   [4][100/111]  lr: 1.0000e-02  eta: 1:07:05  time: 0.3223  data_time: 0.0013  memory: 2965  loss: 0.7241
2023/06/08 17:36:02 - mmengine - INFO - Exp name: resnet50_8xb32_in1k_20230608_173242
2023/06/08 17:36:05 - mmengine - INFO - Epoch(val) [4][27/27]    accuracy/top1: 66.1157  accuracy/top5: 92.3259  data_time: 0.0041  time: 0.0949
2023/06/08 17:36:37 - mmengine - INFO - Epoch(train)   [5][100/111]  lr: 1.0000e-02  eta: 1:04:24  time: 0.3234  data_time: 0.0012  memory: 2965  loss: 0.8595
2023/06/08 17:36:41 - mmengine - INFO - Exp name: resnet50_8xb32_in1k_20230608_173242
2023/06/08 17:36:43 - mmengine - INFO - Epoch(val) [5][27/27]    accuracy/top1: 75.4427  accuracy/top5: 95.9858  data_time: 0.0043  time: 0.0956
2023/06/08 17:37:16 - mmengine - INFO - Epoch(train)   [6][100/111]  lr: 1.0000e-02  eta: 1:02:27  time: 0.3241  data_time: 0.0011  memory: 2965  loss: 0.5382
2023/06/08 17:37:19 - mmengine - INFO - Exp name: resnet50_8xb32_in1k_20230608_173242
2023/06/08 17:37:22 - mmengine - INFO - Epoch(val) [6][27/27]    accuracy/top1: 80.6375  accuracy/top5: 96.8123  data_time: 0.0047  time: 0.0961
2023/06/08 17:37:54 - mmengine - INFO - Epoch(train)   [7][100/111]  lr: 1.0000e-02  eta: 1:00:55  time: 0.3252  data_time: 0.0009  memory: 2965  loss: 0.4814
2023/06/08 17:37:58 - mmengine - INFO - Exp name: resnet50_8xb32_in1k_20230608_173242
2023/06/08 17:38:00 - mmengine - INFO - Epoch(val) [7][27/27]    accuracy/top1: 82.6446  accuracy/top5: 96.6942  data_time: 0.0043  time: 0.0957
2023/06/08 17:38:33 - mmengine - INFO - Epoch(train)   [8][100/111]  lr: 1.0000e-02  eta: 0:59:38  time: 0.3254  data_time: 0.0009  memory: 2965  loss: 0.5051
2023/06/08 17:38:36 - mmengine - INFO - Exp name: resnet50_8xb32_in1k_20230608_173242
2023/06/08 17:38:39 - mmengine - INFO - Epoch(val) [8][27/27]    accuracy/top1: 84.5336  accuracy/top5: 97.2845  data_time: 0.0046  time: 0.0961
2023/06/08 17:39:12 - mmengine - INFO - Epoch(train)   [9][100/111]  lr: 1.0000e-02  eta: 0:58:31  time: 0.3263  data_time: 0.0012  memory: 2965  loss: 0.4352
2023/06/08 17:39:15 - mmengine - INFO - Exp name: resnet50_8xb32_in1k_20230608_173242
2023/06/08 17:39:18 - mmengine - INFO - Epoch(val) [9][27/27]    accuracy/top1: 81.7001  accuracy/top5: 96.9303  data_time: 0.0043  time: 0.0964
2023/06/08 17:39:18 - mmengine - INFO - Exp name: resnet50_8xb32_in1k_20230608_173242
2023/06/08 17:39:51 - mmengine - INFO - Epoch(train)  [10][100/111]  lr: 1.0000e-02  eta: 0:57:30  time: 0.3271  data_time: 0.0013  memory: 2965  loss: 0.3827
2023/06/08 17:39:54 - mmengine - INFO - Exp name: resnet50_8xb32_in1k_20230608_173242
2023/06/08 17:39:54 - mmengine - INFO - Saving checkpoint at 10 epochs
2023/06/08 17:39:58 - mmengine - INFO - Epoch(val) [10][27/27]    accuracy/top1: 84.2975  accuracy/top5: 97.2845  data_time: 0.0047  time: 0.0972
2023/06/08 17:40:31 - mmengine - INFO - Epoch(train)  [11][100/111]  lr: 1.0000e-02  eta: 0:56:35  time: 0.3271  data_time: 0.0012  memory: 2965  loss: 0.5000
2023/06/08 17:40:34 - mmengine - INFO - Exp name: resnet50_8xb32_in1k_20230608_173242
2023/06/08 17:40:37 - mmengine - INFO - Epoch(val) [11][27/27]    accuracy/top1: 84.4156  accuracy/top5: 97.2845  data_time: 0.0044  time: 0.0972
2023/06/08 17:41:10 - mmengine - INFO - Epoch(train)  [12][100/111]  lr: 1.0000e-02  eta: 0:55:44  time: 0.3279  data_time: 0.0011  memory: 2965  loss: 0.4857
2023/06/08 17:41:13 - mmengine - INFO - Exp name: resnet50_8xb32_in1k_20230608_173242
2023/06/08 17:41:16 - mmengine - INFO - Epoch(val) [12][27/27]    accuracy/top1: 84.7698  accuracy/top5: 97.8749  data_time: 0.0057  time: 0.0981
2023/06/08 17:41:49 - mmengine - INFO - Epoch(train)  [13][100/111]  lr: 1.0000e-02  eta: 0:54:54  time: 0.3279  data_time: 0.0010  memory: 2965  loss: 0.2730
2023/06/08 17:41:52 - mmengine - INFO - Exp name: resnet50_8xb32_in1k_20230608_173242
2023/06/08 17:41:55 - mmengine - INFO - Epoch(val) [13][27/27]    accuracy/top1: 86.7769  accuracy/top5: 98.7013  data_time: 0.0044  time: 0.0970
2023/06/08 17:42:28 - mmengine - INFO - Epoch(train)  [14][100/111]  lr: 1.0000e-02  eta: 0:54:07  time: 0.3282  data_time: 0.0011  memory: 2965  loss: 0.4409
2023/06/08 17:42:31 - mmengine - INFO - Exp name: resnet50_8xb32_in1k_20230608_173242
2023/06/08 17:42:34 - mmengine - INFO - Epoch(val) [14][27/27]    accuracy/top1: 82.6446  accuracy/top5: 96.5761  data_time: 0.0044  time: 0.0971
2023/06/08 17:43:07 - mmengine - INFO - Epoch(train)  [15][100/111]  lr: 1.0000e-02  eta: 0:53:22  time: 0.3282  data_time: 0.0011  memory: 2965  loss: 0.3368
2023/06/08 17:43:10 - mmengine - INFO - Exp name: resnet50_8xb32_in1k_20230608_173242
2023/06/08 17:43:13 - mmengine - INFO - Epoch(val) [15][27/27]    accuracy/top1: 84.7698  accuracy/top5: 97.5207  data_time: 0.0044  time: 0.0972
2023/06/08 17:43:46 - mmengine - INFO - Epoch(train)  [16][100/111]  lr: 1.0000e-02  eta: 0:52:38  time: 0.3288  data_time: 0.0011  memory: 2965  loss: 0.3272
2023/06/08 17:43:49 - mmengine - INFO - Exp name: resnet50_8xb32_in1k_20230608_173242
2023/06/08 17:43:52 - mmengine - INFO - Epoch(val) [16][27/27]    accuracy/top1: 86.4227  accuracy/top5: 98.3471  data_time: 0.0046  time: 0.0977
2023/06/08 17:44:25 - mmengine - INFO - Epoch(train)  [17][100/111]  lr: 1.0000e-02  eta: 0:51:55  time: 0.3288  data_time: 0.0012  memory: 2965  loss: 0.2673
2023/06/08 17:44:29 - mmengine - INFO - Exp name: resnet50_8xb32_in1k_20230608_173242
2023/06/08 17:44:31 - mmengine - INFO - Epoch(val) [17][27/27]    accuracy/top1: 89.4923  accuracy/top5: 98.5832  data_time: 0.0046  time: 0.0976
2023/06/08 18:06:19 - mmengine - INFO - Epoch(train)  [18][100/111]  lr: 1.0000e-02  eta: 2:28:36  time: 0.3109  data_time: 0.0015  memory: 2965  loss: 0.3447
2023/06/08 18:06:22 - mmengine - INFO - Exp name: resnet50_8xb32_in1k_20230608_173242
2023/06/08 18:06:24 - mmengine - INFO - Epoch(val) [18][27/27]    accuracy/top1: 88.0756  accuracy/top5: 97.2845  data_time: 0.0057  time: 0.0938
2023/06/08 18:06:25 - mmengine - INFO - Exp name: resnet50_8xb32_in1k_20230608_173242
2023/06/08 18:06:56 - mmengine - INFO - Epoch(train)  [19][100/111]  lr: 1.0000e-02  eta: 2:21:32  time: 0.3181  data_time: 0.0012  memory: 2965  loss: 0.2646
2023/06/08 18:07:02 - mmengine - INFO - Exp name: resnet50_8xb32_in1k_20230608_173242
2023/06/08 18:07:04 - mmengine - INFO - Epoch(val) [19][27/27]    accuracy/top1: 86.3046  accuracy/top5: 96.5761  data_time: 0.0100  time: 0.0995
2023/06/08 18:07:37 - mmengine - INFO - Epoch(train)  [20][100/111]  lr: 1.0000e-02  eta: 2:15:17  time: 0.3196  data_time: 0.0011  memory: 2965  loss: 0.3463
2023/06/08 18:07:40 - mmengine - INFO - Exp name: resnet50_8xb32_in1k_20230608_173242
2023/06/08 18:07:40 - mmengine - INFO - Saving checkpoint at 20 epochs
2023/06/08 18:07:44 - mmengine - INFO - Epoch(val) [20][27/27]    accuracy/top1: 87.9575  accuracy/top5: 98.5832  data_time: 0.0093  time: 0.1023
2023/06/08 18:08:16 - mmengine - INFO - Epoch(train)  [21][100/111]  lr: 1.0000e-02  eta: 2:09:27  time: 0.3204  data_time: 0.0013  memory: 2965  loss: 0.2626
2023/06/08 18:08:20 - mmengine - INFO - Exp name: resnet50_8xb32_in1k_20230608_173242
2023/06/08 18:08:22 - mmengine - INFO - Epoch(val) [21][27/27]    accuracy/top1: 87.4852  accuracy/top5: 97.9929  data_time: 0.0089  time: 0.0991
2023/06/08 18:08:55 - mmengine - INFO - Epoch(train)  [22][100/111]  lr: 1.0000e-02  eta: 2:04:05  time: 0.3215  data_time: 0.0010  memory: 2965  loss: 0.2731
2023/06/08 18:08:58 - mmengine - INFO - Exp name: resnet50_8xb32_in1k_20230608_173242
2023/06/08 18:09:01 - mmengine - INFO - Epoch(val) [22][27/27]    accuracy/top1: 88.5478  accuracy/top5: 98.3471  data_time: 0.0045  time: 0.0948
2023/06/08 18:09:33 - mmengine - INFO - Epoch(train)  [23][100/111]  lr: 1.0000e-02  eta: 1:59:09  time: 0.3232  data_time: 0.0014  memory: 2965  loss: 0.1976
2023/06/08 18:09:36 - mmengine - INFO - Exp name: resnet50_8xb32_in1k_20230608_173242
2023/06/08 18:09:39 - mmengine - INFO - Epoch(val) [23][27/27]    accuracy/top1: 86.1865  accuracy/top5: 97.5207  data_time: 0.0088  time: 0.0996
2023/06/08 18:10:12 - mmengine - INFO - Epoch(train)  [24][100/111]  lr: 1.0000e-02  eta: 1:54:35  time: 0.3234  data_time: 0.0013  memory: 2965  loss: 0.2417
2023/06/08 18:10:15 - mmengine - INFO - Exp name: resnet50_8xb32_in1k_20230608_173242
2023/06/08 18:10:18 - mmengine - INFO - Epoch(val) [24][27/27]    accuracy/top1: 87.2491  accuracy/top5: 98.5832  data_time: 0.0043  time: 0.0954
2023/06/08 18:10:50 - mmengine - INFO - Epoch(train)  [25][100/111]  lr: 1.0000e-02  eta: 1:50:20  time: 0.3236  data_time: 0.0011  memory: 2965  loss: 0.2782
2023/06/08 18:10:53 - mmengine - INFO - Exp name: resnet50_8xb32_in1k_20230608_173242
2023/06/08 18:10:56 - mmengine - INFO - Epoch(val) [25][27/27]    accuracy/top1: 85.1240  accuracy/top5: 97.5207  data_time: 0.0042  time: 0.0952
2023/06/08 18:11:29 - mmengine - INFO - Epoch(train)  [26][100/111]  lr: 1.0000e-02  eta: 1:46:23  time: 0.3243  data_time: 0.0012  memory: 2965  loss: 0.2174
2023/06/08 18:11:32 - mmengine - INFO - Exp name: resnet50_8xb32_in1k_20230608_173242
2023/06/08 18:11:35 - mmengine - INFO - Epoch(val) [26][27/27]    accuracy/top1: 88.6659  accuracy/top5: 98.2290  data_time: 0.0042  time: 0.0953
2023/06/08 18:12:07 - mmengine - INFO - Epoch(train)  [27][100/111]  lr: 1.0000e-02  eta: 1:42:40  time: 0.3245  data_time: 0.0015  memory: 2965  loss: 0.3216
2023/06/08 18:12:11 - mmengine - INFO - Exp name: resnet50_8xb32_in1k_20230608_173242
2023/06/08 18:12:13 - mmengine - INFO - Epoch(val) [27][27/27]    accuracy/top1: 88.1936  accuracy/top5: 97.9929  data_time: 0.0051  time: 0.0963
2023/06/08 18:12:14 - mmengine - INFO - Exp name: resnet50_8xb32_in1k_20230608_173242
2023/06/08 18:12:46 - mmengine - INFO - Epoch(train)  [28][100/111]  lr: 1.0000e-02  eta: 1:39:11  time: 0.3248  data_time: 0.0012  memory: 2965  loss: 0.2206
2023/06/08 18:12:49 - mmengine - INFO - Exp name: resnet50_8xb32_in1k_20230608_173242
2023/06/08 18:12:52 - mmengine - INFO - Epoch(val) [28][27/27]    accuracy/top1: 88.0756  accuracy/top5: 98.5832  data_time: 0.0046  time: 0.0958
2023/06/08 18:13:24 - mmengine - INFO - Epoch(train)  [29][100/111]  lr: 1.0000e-02  eta: 1:35:53  time: 0.3255  data_time: 0.0014  memory: 2965  loss: 0.2160
2023/06/08 18:13:28 - mmengine - INFO - Exp name: resnet50_8xb32_in1k_20230608_173242
2023/06/08 18:13:30 - mmengine - INFO - Epoch(val) [29][27/27]    accuracy/top1: 87.3672  accuracy/top5: 98.2290  data_time: 0.0042  time: 0.0956
2023/06/08 18:14:03 - mmengine - INFO - Epoch(train)  [30][100/111]  lr: 1.0000e-02  eta: 1:32:47  time: 0.3255  data_time: 0.0010  memory: 2965  loss: 0.2256
2023/06/08 18:14:06 - mmengine - INFO - Exp name: resnet50_8xb32_in1k_20230608_173242
2023/06/08 18:14:06 - mmengine - INFO - Saving checkpoint at 30 epochs
2023/06/08 18:14:10 - mmengine - INFO - Epoch(val) [30][27/27]    accuracy/top1: 88.3117  accuracy/top5: 97.6387  data_time: 0.0052  time: 0.0966
2023/06/08 18:14:43 - mmengine - INFO - Epoch(train)  [31][100/111]  lr: 1.0000e-03  eta: 1:29:51  time: 0.3252  data_time: 0.0012  memory: 2965  loss: 0.1155
2023/06/08 18:14:46 - mmengine - INFO - Exp name: resnet50_8xb32_in1k_20230608_173242
2023/06/08 18:14:49 - mmengine - INFO - Epoch(val) [31][27/27]    accuracy/top1: 91.0272  accuracy/top5: 98.7013  data_time: 0.0046  time: 0.0961
2023/06/08 18:15:22 - mmengine - INFO - Epoch(train)  [32][100/111]  lr: 1.0000e-03  eta: 1:27:03  time: 0.3256  data_time: 0.0012  memory: 2965  loss: 0.0983
2023/06/08 18:15:25 - mmengine - INFO - Exp name: resnet50_8xb32_in1k_20230608_173242
2023/06/08 18:15:28 - mmengine - INFO - Epoch(val) [32][27/27]    accuracy/top1: 91.8536  accuracy/top5: 98.7013  data_time: 0.0045  time: 0.0959
2023/06/08 18:16:01 - mmengine - INFO - Epoch(train)  [33][100/111]  lr: 1.0000e-03  eta: 1:24:23  time: 0.3259  data_time: 0.0012  memory: 2965  loss: 0.1507
2023/06/08 18:16:04 - mmengine - INFO - Exp name: resnet50_8xb32_in1k_20230608_173242
2023/06/08 18:16:07 - mmengine - INFO - Epoch(val) [33][27/27]    accuracy/top1: 92.5620  accuracy/top5: 98.8194  data_time: 0.0045  time: 0.0967
2023/06/08 18:16:39 - mmengine - INFO - Epoch(train)  [34][100/111]  lr: 1.0000e-03  eta: 1:21:51  time: 0.3272  data_time: 0.0013  memory: 2965  loss: 0.1178
2023/06/08 18:16:43 - mmengine - INFO - Exp name: resnet50_8xb32_in1k_20230608_173242
2023/06/08 18:16:45 - mmengine - INFO - Epoch(val) [34][27/27]    accuracy/top1: 92.9162  accuracy/top5: 99.0555  data_time: 0.0043  time: 0.0965
2023/06/08 18:17:18 - mmengine - INFO - Epoch(train)  [35][100/111]  lr: 1.0000e-03  eta: 1:19:26  time: 0.3268  data_time: 0.0011  memory: 2965  loss: 0.0748
2023/06/08 18:17:22 - mmengine - INFO - Exp name: resnet50_8xb32_in1k_20230608_173242
2023/06/08 18:17:24 - mmengine - INFO - Epoch(val) [35][27/27]    accuracy/top1: 92.5620  accuracy/top5: 98.9374  data_time: 0.0047  time: 0.0967
2023/06/08 18:17:57 - mmengine - INFO - Epoch(train)  [36][100/111]  lr: 1.0000e-03  eta: 1:17:06  time: 0.3264  data_time: 0.0014  memory: 2965  loss: 0.0896
2023/06/08 18:18:00 - mmengine - INFO - Exp name: resnet50_8xb32_in1k_20230608_173242
2023/06/08 18:18:03 - mmengine - INFO - Epoch(val) [36][27/27]    accuracy/top1: 92.7981  accuracy/top5: 98.8194  data_time: 0.0043  time: 0.0973
2023/06/08 18:18:05 - mmengine - INFO - Exp name: resnet50_8xb32_in1k_20230608_173242
2023/06/08 18:18:36 - mmengine - INFO - Epoch(train)  [37][100/111]  lr: 1.0000e-03  eta: 1:14:53  time: 0.3269  data_time: 0.0013  memory: 2965  loss: 0.0640
2023/06/08 18:18:39 - mmengine - INFO - Exp name: resnet50_8xb32_in1k_20230608_173242
2023/06/08 18:18:42 - mmengine - INFO - Epoch(val) [37][27/27]    accuracy/top1: 92.6800  accuracy/top5: 98.7013  data_time: 0.0049  time: 0.0975
2023/06/08 18:19:15 - mmengine - INFO - Epoch(train)  [38][100/111]  lr: 1.0000e-03  eta: 1:12:44  time: 0.3267  data_time: 0.0013  memory: 2965  loss: 0.1053
2023/06/08 18:19:18 - mmengine - INFO - Exp name: resnet50_8xb32_in1k_20230608_173242
2023/06/08 18:19:21 - mmengine - INFO - Epoch(val) [38][27/27]    accuracy/top1: 92.7981  accuracy/top5: 98.9374  data_time: 0.0046  time: 0.0970
2023/06/08 18:19:54 - mmengine - INFO - Epoch(train)  [39][100/111]  lr: 1.0000e-03  eta: 1:10:40  time: 0.3272  data_time: 0.0011  memory: 2965  loss: 0.1207
2023/06/08 18:19:57 - mmengine - INFO - Exp name: resnet50_8xb32_in1k_20230608_173242
2023/06/08 18:20:00 - mmengine - INFO - Epoch(val) [39][27/27]    accuracy/top1: 92.9162  accuracy/top5: 98.7013  data_time: 0.0047  time: 0.0973
2023/06/08 18:20:33 - mmengine - INFO - Epoch(train)  [40][100/111]  lr: 1.0000e-03  eta: 1:08:41  time: 0.3273  data_time: 0.0011  memory: 2965  loss: 0.1357
2023/06/08 18:20:36 - mmengine - INFO - Exp name: resnet50_8xb32_in1k_20230608_173242
2023/06/08 18:20:36 - mmengine - INFO - Saving checkpoint at 40 epochs
2023/06/08 18:20:40 - mmengine - INFO - Epoch(val) [40][27/27]    accuracy/top1: 93.1523  accuracy/top5: 98.7013  data_time: 0.0049  time: 0.0976
2023/06/08 18:21:13 - mmengine - INFO - Epoch(train)  [41][100/111]  lr: 1.0000e-03  eta: 1:06:46  time: 0.3271  data_time: 0.0012  memory: 2965  loss: 0.0598
2023/06/08 18:21:16 - mmengine - INFO - Exp name: resnet50_8xb32_in1k_20230608_173242
2023/06/08 18:21:19 - mmengine - INFO - Epoch(val) [41][27/27]    accuracy/top1: 92.6800  accuracy/top5: 98.9374  data_time: 0.0044  time: 0.0971
2023/06/08 18:21:52 - mmengine - INFO - Epoch(train)  [42][100/111]  lr: 1.0000e-03  eta: 1:04:54  time: 0.3273  data_time: 0.0011  memory: 2965  loss: 0.0681
2023/06/08 18:21:55 - mmengine - INFO - Exp name: resnet50_8xb32_in1k_20230608_173242
2023/06/08 18:21:58 - mmengine - INFO - Epoch(val) [42][27/27]    accuracy/top1: 92.6800  accuracy/top5: 98.9374  data_time: 0.0046  time: 0.0970
2023/06/08 18:22:31 - mmengine - INFO - Epoch(train)  [43][100/111]  lr: 1.0000e-03  eta: 1:03:06  time: 0.3276  data_time: 0.0012  memory: 2965  loss: 0.0878
2023/06/08 18:22:34 - mmengine - INFO - Exp name: resnet50_8xb32_in1k_20230608_173242
2023/06/08 18:22:37 - mmengine - INFO - Epoch(val) [43][27/27]    accuracy/top1: 92.5620  accuracy/top5: 98.8194  data_time: 0.0044  time: 0.0968
2023/06/08 18:23:10 - mmengine - INFO - Epoch(train)  [44][100/111]  lr: 1.0000e-03  eta: 1:01:21  time: 0.3275  data_time: 0.0013  memory: 2965  loss: 0.0454
2023/06/08 18:23:13 - mmengine - INFO - Exp name: resnet50_8xb32_in1k_20230608_173242
2023/06/08 18:23:16 - mmengine - INFO - Epoch(val) [44][27/27]    accuracy/top1: 93.1523  accuracy/top5: 99.0555  data_time: 0.0048  time: 0.0972
2023/06/08 18:23:49 - mmengine - INFO - Epoch(train)  [45][100/111]  lr: 1.0000e-03  eta: 0:59:40  time: 0.3275  data_time: 0.0013  memory: 2965  loss: 0.1055
2023/06/08 18:23:52 - mmengine - INFO - Exp name: resnet50_8xb32_in1k_20230608_173242
2023/06/08 18:23:55 - mmengine - INFO - Epoch(val) [45][27/27]    accuracy/top1: 92.9162  accuracy/top5: 99.0555  data_time: 0.0044  time: 0.0970
2023/06/08 18:23:57 - mmengine - INFO - Exp name: resnet50_8xb32_in1k_20230608_173242
2023/06/08 18:24:28 - mmengine - INFO - Epoch(train)  [46][100/111]  lr: 1.0000e-03  eta: 0:58:01  time: 0.3276  data_time: 0.0012  memory: 2965  loss: 0.0691
2023/06/08 18:24:31 - mmengine - INFO - Exp name: resnet50_8xb32_in1k_20230608_173242
2023/06/08 18:24:34 - mmengine - INFO - Epoch(val) [46][27/27]    accuracy/top1: 92.9162  accuracy/top5: 98.9374  data_time: 0.0045  time: 0.0970
2023/06/08 18:25:07 - mmengine - INFO - Epoch(train)  [47][100/111]  lr: 1.0000e-03  eta: 0:56:25  time: 0.3279  data_time: 0.0011  memory: 2965  loss: 0.0515
2023/06/08 18:25:10 - mmengine - INFO - Exp name: resnet50_8xb32_in1k_20230608_173242
2023/06/08 18:25:13 - mmengine - INFO - Epoch(val) [47][27/27]    accuracy/top1: 93.1523  accuracy/top5: 98.9374  data_time: 0.0049  time: 0.0974
2023/06/08 18:25:46 - mmengine - INFO - Epoch(train)  [48][100/111]  lr: 1.0000e-03  eta: 0:54:51  time: 0.3279  data_time: 0.0013  memory: 2965  loss: 0.0623
2023/06/08 18:25:49 - mmengine - INFO - Exp name: resnet50_8xb32_in1k_20230608_173242
2023/06/08 18:25:52 - mmengine - INFO - Epoch(val) [48][27/27]    accuracy/top1: 93.6246  accuracy/top5: 98.8194  data_time: 0.0044  time: 0.0969
2023/06/08 18:26:25 - mmengine - INFO - Epoch(train)  [49][100/111]  lr: 1.0000e-03  eta: 0:53:20  time: 0.3276  data_time: 0.0012  memory: 2965  loss: 0.0889
2023/06/08 18:26:28 - mmengine - INFO - Exp name: resnet50_8xb32_in1k_20230608_173242
2023/06/08 18:26:31 - mmengine - INFO - Epoch(val) [49][27/27]    accuracy/top1: 93.2704  accuracy/top5: 98.8194  data_time: 0.0044  time: 0.0969
2023/06/08 18:27:04 - mmengine - INFO - Epoch(train)  [50][100/111]  lr: 1.0000e-03  eta: 0:51:51  time: 0.3277  data_time: 0.0012  memory: 2965  loss: 0.0979
2023/06/08 18:27:07 - mmengine - INFO - Exp name: resnet50_8xb32_in1k_20230608_173242
2023/06/08 18:27:07 - mmengine - INFO - Saving checkpoint at 50 epochs
2023/06/08 18:27:11 - mmengine - INFO - Epoch(val) [50][27/27]    accuracy/top1: 93.1523  accuracy/top5: 98.8194  data_time: 0.0051  time: 0.0975
2023/06/08 18:27:44 - mmengine - INFO - Epoch(train)  [51][100/111]  lr: 1.0000e-03  eta: 0:50:24  time: 0.3282  data_time: 0.0010  memory: 2965  loss: 0.0550
2023/06/08 18:27:48 - mmengine - INFO - Exp name: resnet50_8xb32_in1k_20230608_173242
2023/06/08 18:27:50 - mmengine - INFO - Epoch(val) [51][27/27]    accuracy/top1: 93.2704  accuracy/top5: 98.8194  data_time: 0.0045  time: 0.0972
2023/06/08 18:28:23 - mmengine - INFO - Epoch(train)  [52][100/111]  lr: 1.0000e-03  eta: 0:48:59  time: 0.3283  data_time: 0.0012  memory: 2965  loss: 0.0731
2023/06/08 18:28:27 - mmengine - INFO - Exp name: resnet50_8xb32_in1k_20230608_173242
2023/06/08 18:28:29 - mmengine - INFO - Epoch(val) [52][27/27]    accuracy/top1: 93.1523  accuracy/top5: 99.0555  data_time: 0.0045  time: 0.0969
2023/06/08 18:29:02 - mmengine - INFO - Epoch(train)  [53][100/111]  lr: 1.0000e-03  eta: 0:47:36  time: 0.3281  data_time: 0.0011  memory: 2965  loss: 0.0627
2023/06/08 18:29:06 - mmengine - INFO - Exp name: resnet50_8xb32_in1k_20230608_173242
2023/06/08 18:29:08 - mmengine - INFO - Epoch(val) [53][27/27]    accuracy/top1: 92.7981  accuracy/top5: 98.8194  data_time: 0.0044  time: 0.0970
2023/06/08 18:29:41 - mmengine - INFO - Epoch(train)  [54][100/111]  lr: 1.0000e-03  eta: 0:46:14  time: 0.3281  data_time: 0.0010  memory: 2965  loss: 0.0335
2023/06/08 18:29:45 - mmengine - INFO - Exp name: resnet50_8xb32_in1k_20230608_173242
2023/06/08 18:29:47 - mmengine - INFO - Epoch(val) [54][27/27]    accuracy/top1: 93.1523  accuracy/top5: 98.9374  data_time: 0.0044  time: 0.0968
2023/06/08 18:29:49 - mmengine - INFO - Exp name: resnet50_8xb32_in1k_20230608_173242
2023/06/08 18:30:20 - mmengine - INFO - Epoch(train)  [55][100/111]  lr: 1.0000e-03  eta: 0:44:54  time: 0.3282  data_time: 0.0015  memory: 2965  loss: 0.0631
2023/06/08 18:30:24 - mmengine - INFO - Exp name: resnet50_8xb32_in1k_20230608_173242
2023/06/08 18:30:26 - mmengine - INFO - Epoch(val) [55][27/27]    accuracy/top1: 93.1523  accuracy/top5: 98.7013  data_time: 0.0046  time: 0.0971
2023/06/08 18:30:59 - mmengine - INFO - Epoch(train)  [56][100/111]  lr: 1.0000e-03  eta: 0:43:36  time: 0.3280  data_time: 0.0011  memory: 2965  loss: 0.0708
2023/06/08 18:31:03 - mmengine - INFO - Exp name: resnet50_8xb32_in1k_20230608_173242
2023/06/08 18:31:05 - mmengine - INFO - Epoch(val) [56][27/27]    accuracy/top1: 93.2704  accuracy/top5: 98.9374  data_time: 0.0050  time: 0.0974
2023/06/08 18:31:38 - mmengine - INFO - Epoch(train)  [57][100/111]  lr: 1.0000e-03  eta: 0:42:19  time: 0.3282  data_time: 0.0009  memory: 2965  loss: 0.0704
2023/06/08 18:31:42 - mmengine - INFO - Exp name: resnet50_8xb32_in1k_20230608_173242
2023/06/08 18:31:44 - mmengine - INFO - Epoch(val) [57][27/27]    accuracy/top1: 92.6800  accuracy/top5: 98.8194  data_time: 0.0045  time: 0.0971
2023/06/08 18:32:17 - mmengine - INFO - Epoch(train)  [58][100/111]  lr: 1.0000e-03  eta: 0:41:04  time: 0.3284  data_time: 0.0011  memory: 2965  loss: 0.1135
2023/06/08 18:32:21 - mmengine - INFO - Exp name: resnet50_8xb32_in1k_20230608_173242
2023/06/08 18:32:24 - mmengine - INFO - Epoch(val) [58][27/27]    accuracy/top1: 93.0342  accuracy/top5: 98.9374  data_time: 0.0045  time: 0.0970
2023/06/08 18:32:56 - mmengine - INFO - Epoch(train)  [59][100/111]  lr: 1.0000e-03  eta: 0:39:50  time: 0.3284  data_time: 0.0011  memory: 2965  loss: 0.0556
2023/06/08 18:33:00 - mmengine - INFO - Exp name: resnet50_8xb32_in1k_20230608_173242
2023/06/08 18:33:03 - mmengine - INFO - Epoch(val) [59][27/27]    accuracy/top1: 92.7981  accuracy/top5: 98.9374  data_time: 0.0057  time: 0.0986
2023/06/08 18:33:36 - mmengine - INFO - Epoch(train)  [60][100/111]  lr: 1.0000e-03  eta: 0:38:37  time: 0.3282  data_time: 0.0011  memory: 2965  loss: 0.0611
2023/06/08 18:33:39 - mmengine - INFO - Exp name: resnet50_8xb32_in1k_20230608_173242
2023/06/08 18:33:39 - mmengine - INFO - Saving checkpoint at 60 epochs
2023/06/08 18:33:43 - mmengine - INFO - Epoch(val) [60][27/27]    accuracy/top1: 93.5065  accuracy/top5: 98.9374  data_time: 0.0048  time: 0.0974
2023/06/08 18:34:16 - mmengine - INFO - Epoch(train)  [61][100/111]  lr: 1.0000e-04  eta: 0:37:26  time: 0.3283  data_time: 0.0014  memory: 2965  loss: 0.0952
2023/06/08 18:34:19 - mmengine - INFO - Exp name: resnet50_8xb32_in1k_20230608_173242
2023/06/08 18:34:22 - mmengine - INFO - Epoch(val) [61][27/27]    accuracy/top1: 92.9162  accuracy/top5: 98.8194  data_time: 0.0044  time: 0.0970
2023/06/08 18:34:55 - mmengine - INFO - Epoch(train)  [62][100/111]  lr: 1.0000e-04  eta: 0:36:15  time: 0.3283  data_time: 0.0010  memory: 2965  loss: 0.0639
2023/06/08 18:34:58 - mmengine - INFO - Exp name: resnet50_8xb32_in1k_20230608_173242
2023/06/08 18:35:01 - mmengine - INFO - Epoch(val) [62][27/27]    accuracy/top1: 93.1523  accuracy/top5: 98.8194  data_time: 0.0045  time: 0.0970
2023/06/08 18:35:34 - mmengine - INFO - Epoch(train)  [63][100/111]  lr: 1.0000e-04  eta: 0:35:06  time: 0.3282  data_time: 0.0010  memory: 2965  loss: 0.0589
2023/06/08 18:35:38 - mmengine - INFO - Exp name: resnet50_8xb32_in1k_20230608_173242
2023/06/08 18:35:40 - mmengine - INFO - Epoch(val) [63][27/27]    accuracy/top1: 92.7981  accuracy/top5: 98.9374  data_time: 0.0045  time: 0.0971
2023/06/08 18:35:43 - mmengine - INFO - Exp name: resnet50_8xb32_in1k_20230608_173242
2023/06/08 18:36:13 - mmengine - INFO - Epoch(train)  [64][100/111]  lr: 1.0000e-04  eta: 0:33:58  time: 0.3282  data_time: 0.0012  memory: 2965  loss: 0.0393
2023/06/08 18:36:17 - mmengine - INFO - Exp name: resnet50_8xb32_in1k_20230608_173242
2023/06/08 18:36:19 - mmengine - INFO - Epoch(val) [64][27/27]    accuracy/top1: 93.3884  accuracy/top5: 98.8194  data_time: 0.0047  time: 0.0975
2023/06/08 18:36:52 - mmengine - INFO - Epoch(train)  [65][100/111]  lr: 1.0000e-04  eta: 0:32:50  time: 0.3285  data_time: 0.0014  memory: 2965  loss: 0.0950
2023/06/08 18:36:56 - mmengine - INFO - Exp name: resnet50_8xb32_in1k_20230608_173242
2023/06/08 18:36:58 - mmengine - INFO - Epoch(val) [65][27/27]    accuracy/top1: 92.9162  accuracy/top5: 98.8194  data_time: 0.0044  time: 0.0970
2023/06/08 18:37:31 - mmengine - INFO - Epoch(train)  [66][100/111]  lr: 1.0000e-04  eta: 0:31:44  time: 0.3284  data_time: 0.0010  memory: 2965  loss: 0.0560
2023/06/08 18:37:35 - mmengine - INFO - Exp name: resnet50_8xb32_in1k_20230608_173242
2023/06/08 18:37:37 - mmengine - INFO - Epoch(val) [66][27/27]    accuracy/top1: 93.5065  accuracy/top5: 98.8194  data_time: 0.0045  time: 0.0971
2023/06/08 18:38:10 - mmengine - INFO - Epoch(train)  [67][100/111]  lr: 1.0000e-04  eta: 0:30:38  time: 0.3283  data_time: 0.0014  memory: 2965  loss: 0.0462
2023/06/08 18:38:14 - mmengine - INFO - Exp name: resnet50_8xb32_in1k_20230608_173242
2023/06/08 18:38:16 - mmengine - INFO - Epoch(val) [67][27/27]    accuracy/top1: 93.0342  accuracy/top5: 98.8194  data_time: 0.0044  time: 0.0969
2023/06/08 18:38:49 - mmengine - INFO - Epoch(train)  [68][100/111]  lr: 1.0000e-04  eta: 0:29:34  time: 0.3279  data_time: 0.0012  memory: 2965  loss: 0.0578
2023/06/08 18:38:53 - mmengine - INFO - Exp name: resnet50_8xb32_in1k_20230608_173242
2023/06/08 18:38:55 - mmengine - INFO - Epoch(val) [68][27/27]    accuracy/top1: 93.2704  accuracy/top5: 98.8194  data_time: 0.0044  time: 0.0969
2023/06/08 18:39:28 - mmengine - INFO - Epoch(train)  [69][100/111]  lr: 1.0000e-04  eta: 0:28:30  time: 0.3281  data_time: 0.0012  memory: 2965  loss: 0.0465
2023/06/08 18:39:32 - mmengine - INFO - Exp name: resnet50_8xb32_in1k_20230608_173242
2023/06/08 18:39:34 - mmengine - INFO - Epoch(val) [69][27/27]    accuracy/top1: 93.7426  accuracy/top5: 98.8194  data_time: 0.0045  time: 0.0968
2023/06/08 18:40:07 - mmengine - INFO - Epoch(train)  [70][100/111]  lr: 1.0000e-04  eta: 0:27:27  time: 0.3281  data_time: 0.0012  memory: 2965  loss: 0.0906
2023/06/08 18:40:11 - mmengine - INFO - Exp name: resnet50_8xb32_in1k_20230608_173242
2023/06/08 18:40:11 - mmengine - INFO - Saving checkpoint at 70 epochs
2023/06/08 18:40:15 - mmengine - INFO - Epoch(val) [70][27/27]    accuracy/top1: 93.2704  accuracy/top5: 98.8194  data_time: 0.0049  time: 0.0973
2023/06/08 18:40:48 - mmengine - INFO - Epoch(train)  [71][100/111]  lr: 1.0000e-04  eta: 0:26:25  time: 0.3278  data_time: 0.0010  memory: 2965  loss: 0.0538
2023/06/08 18:40:51 - mmengine - INFO - Exp name: resnet50_8xb32_in1k_20230608_173242
2023/06/08 18:40:54 - mmengine - INFO - Epoch(val) [71][27/27]    accuracy/top1: 93.1523  accuracy/top5: 98.8194  data_time: 0.0043  time: 0.0971
2023/06/08 18:41:27 - mmengine - INFO - Epoch(train)  [72][100/111]  lr: 1.0000e-04  eta: 0:25:23  time: 0.3279  data_time: 0.0011  memory: 2965  loss: 0.0715
2023/06/08 18:41:30 - mmengine - INFO - Exp name: resnet50_8xb32_in1k_20230608_173242
2023/06/08 18:41:33 - mmengine - INFO - Epoch(val) [72][27/27]    accuracy/top1: 93.2704  accuracy/top5: 98.8194  data_time: 0.0045  time: 0.0969
2023/06/08 18:41:36 - mmengine - INFO - Exp name: resnet50_8xb32_in1k_20230608_173242
2023/06/08 18:42:06 - mmengine - INFO - Epoch(train)  [73][100/111]  lr: 1.0000e-04  eta: 0:24:22  time: 0.3281  data_time: 0.0010  memory: 2965  loss: 0.0572
2023/06/08 18:42:09 - mmengine - INFO - Exp name: resnet50_8xb32_in1k_20230608_173242
2023/06/08 18:42:12 - mmengine - INFO - Epoch(val) [73][27/27]    accuracy/top1: 93.1523  accuracy/top5: 98.9374  data_time: 0.0043  time: 0.0968
2023/06/08 18:42:45 - mmengine - INFO - Epoch(train)  [74][100/111]  lr: 1.0000e-04  eta: 0:23:22  time: 0.3280  data_time: 0.0012  memory: 2965  loss: 0.0401
2023/06/08 18:42:48 - mmengine - INFO - Exp name: resnet50_8xb32_in1k_20230608_173242
2023/06/08 18:42:51 - mmengine - INFO - Epoch(val) [74][27/27]    accuracy/top1: 93.1523  accuracy/top5: 98.8194  data_time: 0.0044  time: 0.0969
2023/06/08 18:43:24 - mmengine - INFO - Epoch(train)  [75][100/111]  lr: 1.0000e-04  eta: 0:22:22  time: 0.3280  data_time: 0.0013  memory: 2965  loss: 0.0420
2023/06/08 18:43:27 - mmengine - INFO - Exp name: resnet50_8xb32_in1k_20230608_173242
2023/06/08 18:43:30 - mmengine - INFO - Epoch(val) [75][27/27]    accuracy/top1: 93.3884  accuracy/top5: 98.9374  data_time: 0.0044  time: 0.0971
2023/06/08 18:44:03 - mmengine - INFO - Epoch(train)  [76][100/111]  lr: 1.0000e-04  eta: 0:21:23  time: 0.3281  data_time: 0.0012  memory: 2965  loss: 0.0781
2023/06/08 18:44:06 - mmengine - INFO - Exp name: resnet50_8xb32_in1k_20230608_173242
2023/06/08 18:44:09 - mmengine - INFO - Epoch(val) [76][27/27]    accuracy/top1: 93.0342  accuracy/top5: 99.0555  data_time: 0.0044  time: 0.0969
2023/06/08 18:44:42 - mmengine - INFO - Epoch(train)  [77][100/111]  lr: 1.0000e-04  eta: 0:20:25  time: 0.3282  data_time: 0.0010  memory: 2965  loss: 0.0875
2023/06/08 18:44:45 - mmengine - INFO - Exp name: resnet50_8xb32_in1k_20230608_173242
2023/06/08 18:44:48 - mmengine - INFO - Epoch(val) [77][27/27]    accuracy/top1: 93.2704  accuracy/top5: 98.8194  data_time: 0.0045  time: 0.0972
2023/06/08 18:45:21 - mmengine - INFO - Epoch(train)  [78][100/111]  lr: 1.0000e-04  eta: 0:19:27  time: 0.3281  data_time: 0.0013  memory: 2965  loss: 0.0636
2023/06/08 18:45:24 - mmengine - INFO - Exp name: resnet50_8xb32_in1k_20230608_173242
2023/06/08 18:45:27 - mmengine - INFO - Epoch(val) [78][27/27]    accuracy/top1: 92.9162  accuracy/top5: 98.9374  data_time: 0.0045  time: 0.0971
2023/06/08 18:46:00 - mmengine - INFO - Epoch(train)  [79][100/111]  lr: 1.0000e-04  eta: 0:18:30  time: 0.3281  data_time: 0.0012  memory: 2965  loss: 0.0616
2023/06/08 18:46:03 - mmengine - INFO - Exp name: resnet50_8xb32_in1k_20230608_173242
2023/06/08 18:46:06 - mmengine - INFO - Epoch(val) [79][27/27]    accuracy/top1: 93.3884  accuracy/top5: 98.8194  data_time: 0.0044  time: 0.0969
2023/06/08 18:46:39 - mmengine - INFO - Epoch(train)  [80][100/111]  lr: 1.0000e-04  eta: 0:17:33  time: 0.3285  data_time: 0.0014  memory: 2965  loss: 0.0382
2023/06/08 18:46:42 - mmengine - INFO - Exp name: resnet50_8xb32_in1k_20230608_173242
2023/06/08 18:46:42 - mmengine - INFO - Saving checkpoint at 80 epochs
2023/06/08 18:46:46 - mmengine - INFO - Epoch(val) [80][27/27]    accuracy/top1: 93.1523  accuracy/top5: 98.9374  data_time: 0.0043  time: 0.0970
2023/06/08 18:47:19 - mmengine - INFO - Epoch(train)  [81][100/111]  lr: 1.0000e-04  eta: 0:16:37  time: 0.3279  data_time: 0.0011  memory: 2965  loss: 0.0621
2023/06/08 18:47:23 - mmengine - INFO - Exp name: resnet50_8xb32_in1k_20230608_173242
2023/06/08 18:47:25 - mmengine - INFO - Epoch(val) [81][27/27]    accuracy/top1: 93.2704  accuracy/top5: 98.8194  data_time: 0.0047  time: 0.0971
2023/06/08 18:47:29 - mmengine - INFO - Exp name: resnet50_8xb32_in1k_20230608_173242
2023/06/08 18:47:58 - mmengine - INFO - Epoch(train)  [82][100/111]  lr: 1.0000e-04  eta: 0:15:41  time: 0.3281  data_time: 0.0009  memory: 2965  loss: 0.0467
2023/06/08 18:48:02 - mmengine - INFO - Exp name: resnet50_8xb32_in1k_20230608_173242
2023/06/08 18:48:05 - mmengine - INFO - Epoch(val) [82][27/27]    accuracy/top1: 93.2704  accuracy/top5: 98.9374  data_time: 0.0044  time: 0.0969
2023/06/08 18:48:38 - mmengine - INFO - Epoch(train)  [83][100/111]  lr: 1.0000e-04  eta: 0:14:46  time: 0.3281  data_time: 0.0012  memory: 2965  loss: 0.0656
2023/06/08 18:48:41 - mmengine - INFO - Exp name: resnet50_8xb32_in1k_20230608_173242
2023/06/08 18:48:44 - mmengine - INFO - Epoch(val) [83][27/27]    accuracy/top1: 93.3884  accuracy/top5: 98.9374  data_time: 0.0046  time: 0.0972
2023/06/08 18:49:17 - mmengine - INFO - Epoch(train)  [84][100/111]  lr: 1.0000e-04  eta: 0:13:51  time: 0.3284  data_time: 0.0014  memory: 2965  loss: 0.0457
2023/06/08 18:49:20 - mmengine - INFO - Exp name: resnet50_8xb32_in1k_20230608_173242
2023/06/08 18:49:23 - mmengine - INFO - Epoch(val) [84][27/27]    accuracy/top1: 93.2704  accuracy/top5: 98.8194  data_time: 0.0049  time: 0.0972
2023/06/08 18:49:56 - mmengine - INFO - Epoch(train)  [85][100/111]  lr: 1.0000e-04  eta: 0:12:57  time: 0.3282  data_time: 0.0013  memory: 2965  loss: 0.0606
2023/06/08 18:49:59 - mmengine - INFO - Exp name: resnet50_8xb32_in1k_20230608_173242
2023/06/08 18:50:02 - mmengine - INFO - Epoch(val) [85][27/27]    accuracy/top1: 93.0342  accuracy/top5: 98.9374  data_time: 0.0046  time: 0.0970
2023/06/08 18:50:35 - mmengine - INFO - Epoch(train)  [86][100/111]  lr: 1.0000e-04  eta: 0:12:03  time: 0.3284  data_time: 0.0014  memory: 2965  loss: 0.0445
2023/06/08 18:50:38 - mmengine - INFO - Exp name: resnet50_8xb32_in1k_20230608_173242
2023/06/08 18:50:41 - mmengine - INFO - Epoch(val) [86][27/27]    accuracy/top1: 93.1523  accuracy/top5: 98.9374  data_time: 0.0048  time: 0.0974
2023/06/08 18:51:14 - mmengine - INFO - Epoch(train)  [87][100/111]  lr: 1.0000e-04  eta: 0:11:09  time: 0.3281  data_time: 0.0011  memory: 2965  loss: 0.0645
2023/06/08 18:51:17 - mmengine - INFO - Exp name: resnet50_8xb32_in1k_20230608_173242
2023/06/08 18:51:20 - mmengine - INFO - Epoch(val) [87][27/27]    accuracy/top1: 93.1523  accuracy/top5: 98.8194  data_time: 0.0043  time: 0.0967
2023/06/08 18:51:53 - mmengine - INFO - Epoch(train)  [88][100/111]  lr: 1.0000e-04  eta: 0:10:16  time: 0.3284  data_time: 0.0013  memory: 2965  loss: 0.0451
2023/06/08 18:51:56 - mmengine - INFO - Exp name: resnet50_8xb32_in1k_20230608_173242
2023/06/08 18:51:59 - mmengine - INFO - Epoch(val) [88][27/27]    accuracy/top1: 93.5065  accuracy/top5: 98.8194  data_time: 0.0047  time: 0.0973
2023/06/08 18:52:32 - mmengine - INFO - Epoch(train)  [89][100/111]  lr: 1.0000e-04  eta: 0:09:23  time: 0.3283  data_time: 0.0010  memory: 2965  loss: 0.0352
2023/06/08 18:52:35 - mmengine - INFO - Exp name: resnet50_8xb32_in1k_20230608_173242
2023/06/08 18:52:38 - mmengine - INFO - Epoch(val) [89][27/27]    accuracy/top1: 92.7981  accuracy/top5: 98.9374  data_time: 0.0047  time: 0.0971
2023/06/08 18:53:11 - mmengine - INFO - Epoch(train)  [90][100/111]  lr: 1.0000e-04  eta: 0:08:31  time: 0.3283  data_time: 0.0010  memory: 2965  loss: 0.0571
2023/06/08 18:53:14 - mmengine - INFO - Exp name: resnet50_8xb32_in1k_20230608_173242
2023/06/08 18:53:14 - mmengine - INFO - Saving checkpoint at 90 epochs
2023/06/08 18:53:18 - mmengine - INFO - Epoch(val) [90][27/27]    accuracy/top1: 93.3884  accuracy/top5: 98.8194  data_time: 0.0053  time: 0.0981
2023/06/08 18:53:22 - mmengine - INFO - Exp name: resnet50_8xb32_in1k_20230608_173242
2023/06/08 18:53:51 - mmengine - INFO - Epoch(train)  [91][100/111]  lr: 1.0000e-05  eta: 0:07:39  time: 0.3286  data_time: 0.0015  memory: 2965  loss: 0.0778
2023/06/08 18:53:55 - mmengine - INFO - Exp name: resnet50_8xb32_in1k_20230608_173242
2023/06/08 18:53:57 - mmengine - INFO - Epoch(val) [91][27/27]    accuracy/top1: 92.9162  accuracy/top5: 98.9374  data_time: 0.0046  time: 0.0972
2023/06/08 18:54:30 - mmengine - INFO - Epoch(train)  [92][100/111]  lr: 1.0000e-05  eta: 0:06:47  time: 0.3281  data_time: 0.0009  memory: 2965  loss: 0.0641
2023/06/08 18:54:34 - mmengine - INFO - Exp name: resnet50_8xb32_in1k_20230608_173242
2023/06/08 18:54:37 - mmengine - INFO - Epoch(val) [92][27/27]    accuracy/top1: 93.3884  accuracy/top5: 98.9374  data_time: 0.0046  time: 0.0971
2023/06/08 18:55:09 - mmengine - INFO - Epoch(train)  [93][100/111]  lr: 1.0000e-05  eta: 0:05:56  time: 0.3283  data_time: 0.0011  memory: 2965  loss: 0.0828
2023/06/08 18:55:13 - mmengine - INFO - Exp name: resnet50_8xb32_in1k_20230608_173242
2023/06/08 18:55:16 - mmengine - INFO - Epoch(val) [93][27/27]    accuracy/top1: 93.6246  accuracy/top5: 98.8194  data_time: 0.0046  time: 0.0971
2023/06/08 18:55:49 - mmengine - INFO - Epoch(train)  [94][100/111]  lr: 1.0000e-05  eta: 0:05:05  time: 0.3283  data_time: 0.0011  memory: 2965  loss: 0.0516
2023/06/08 18:55:52 - mmengine - INFO - Exp name: resnet50_8xb32_in1k_20230608_173242
2023/06/08 18:55:55 - mmengine - INFO - Epoch(val) [94][27/27]    accuracy/top1: 93.2704  accuracy/top5: 98.9374  data_time: 0.0049  time: 0.0974
2023/06/08 18:56:28 - mmengine - INFO - Epoch(train)  [95][100/111]  lr: 1.0000e-05  eta: 0:04:14  time: 0.3280  data_time: 0.0013  memory: 2965  loss: 0.0551
2023/06/08 18:56:31 - mmengine - INFO - Exp name: resnet50_8xb32_in1k_20230608_173242
2023/06/08 18:56:34 - mmengine - INFO - Epoch(val) [95][27/27]    accuracy/top1: 93.3884  accuracy/top5: 98.8194  data_time: 0.0046  time: 0.0971
2023/06/08 18:57:07 - mmengine - INFO - Epoch(train)  [96][100/111]  lr: 1.0000e-05  eta: 0:03:23  time: 0.3286  data_time: 0.0016  memory: 2965  loss: 0.1026
2023/06/08 18:57:10 - mmengine - INFO - Exp name: resnet50_8xb32_in1k_20230608_173242
2023/06/08 18:57:13 - mmengine - INFO - Epoch(val) [96][27/27]    accuracy/top1: 93.7426  accuracy/top5: 98.9374  data_time: 0.0048  time: 0.0972
2023/06/08 18:57:46 - mmengine - INFO - Epoch(train)  [97][100/111]  lr: 1.0000e-05  eta: 0:02:33  time: 0.3283  data_time: 0.0012  memory: 2965  loss: 0.0489
2023/06/08 18:57:49 - mmengine - INFO - Exp name: resnet50_8xb32_in1k_20230608_173242
2023/06/08 18:57:52 - mmengine - INFO - Epoch(val) [97][27/27]    accuracy/top1: 93.1523  accuracy/top5: 98.9374  data_time: 0.0046  time: 0.0974
2023/06/08 18:58:25 - mmengine - INFO - Epoch(train)  [98][100/111]  lr: 1.0000e-05  eta: 0:01:43  time: 0.3282  data_time: 0.0011  memory: 2965  loss: 0.0530
2023/06/08 18:58:28 - mmengine - INFO - Exp name: resnet50_8xb32_in1k_20230608_173242
2023/06/08 18:58:31 - mmengine - INFO - Epoch(val) [98][27/27]    accuracy/top1: 93.2704  accuracy/top5: 98.8194  data_time: 0.0045  time: 0.0969
2023/06/08 18:59:04 - mmengine - INFO - Epoch(train)  [99][100/111]  lr: 1.0000e-05  eta: 0:00:54  time: 0.3279  data_time: 0.0012  memory: 2965  loss: 0.0821
2023/06/08 18:59:07 - mmengine - INFO - Exp name: resnet50_8xb32_in1k_20230608_173242
2023/06/08 18:59:10 - mmengine - INFO - Epoch(val) [99][27/27]    accuracy/top1: 93.2704  accuracy/top5: 98.8194  data_time: 0.0046  time: 0.0972
2023/06/08 18:59:14 - mmengine - INFO - Exp name: resnet50_8xb32_in1k_20230608_173242
2023/06/08 18:59:43 - mmengine - INFO - Epoch(train) [100][100/111]  lr: 1.0000e-05  eta: 0:00:04  time: 0.3277  data_time: 0.0009  memory: 2965  loss: 0.0342
2023/06/08 18:59:46 - mmengine - INFO - Exp name: resnet50_8xb32_in1k_20230608_173242
2023/06/08 18:59:46 - mmengine - INFO - Saving checkpoint at 100 epochs
2023/06/08 18:59:50 - mmengine - INFO - Epoch(val) [100][27/27]    accuracy/top1: 93.2704  accuracy/top5: 98.8194  data_time: 0.0045  time: 0.0970
